Log file created at 2025-06-05T13:35:23.088Z
--------------------------------------------
[2025-06-05T13:35:23.219Z] Downloaded tasks: {"01":"Podaj adres mailowy do firmy SoftoAI","02":"Jaki jest adres interfejsu webowego do sterowania robotami zrealizowanego dla klienta jakim jest firma BanAN?","03":"Jakie dwa certyfikaty jakości ISO otrzymała firma SoftoAI?"}

[2025-06-05T13:35:23.219Z] [{"id":"01","question":"Podaj adres mailowy do firmy SoftoAI"},{"id":"02","question":"Jaki jest adres interfejsu webowego do sterowania robotami zrealizowanego dla klienta jakim jest firma BanAN?"},{"id":"03","question":"Jakie dwa certyfikaty jakości ISO otrzymała firma SoftoAI?"}]

[2025-06-05T13:35:23.219Z] Processing task 01: Podaj adres mailowy do firmy SoftoAI

[2025-06-05T13:35:23.219Z] Analyzing URL: https://softo.ag3nts.org

[2025-06-05T13:35:24.612Z] Website analysis response: "answer":"no data" --- The website content does not provide an email address for SoftoAI.

[2025-06-05T13:35:26.487Z] Url extraction response: "url":"/kontakt" --- The provided website content does not specifically mention an email address for SoftoAI. However, there is a 'Kontakt' link which may provide contact information including email.

[2025-06-05T13:35:26.487Z] Analyzing URL: https://softo.ag3nts.org/kontakt

[2025-06-05T13:35:28.016Z] Website analysis response: "answer":"kontakt@softoai.whatever" --- Analyzing the website content for contact information.

🔵 Found answer for task 01: kontakt@softoai.whatever

[2025-06-05T13:35:28.017Z] Processing task 02: Jaki jest adres interfejsu webowego do sterowania robotami zrealizowanego dla klienta jakim jest firma BanAN?

[2025-06-05T13:35:28.017Z] Analyzing URL: https://softo.ag3nts.org

[2025-06-05T13:35:29.312Z] Website analysis response: "answer":"no data" --- The provided website content does not mention any specific web interface address for controlling robots for a client named BanAN.

[2025-06-05T13:35:30.788Z] Url extraction response: "url":"/uslugi" --- The provided content does not mention any specific web interface address for controlling robots created for a client named BanAN. Therefore, I will look for the most relevant link that might provide more information about their services or contact details.

[2025-06-05T13:35:30.788Z] Analyzing URL: https://softo.ag3nts.org/uslugi

[2025-06-05T13:35:32.215Z] Website analysis response: "answer":"no data" --- The provided website content does not mention any specific client named BanAN or an address for a web interface used for controlling robots.

[2025-06-05T13:35:33.485Z] Url extraction response: "url":"/portfolio" --- The provided website content does not mention any specific interface address for controlling robots or any project related to a client named BanAN.

[2025-06-05T13:35:33.485Z] Analyzing URL: https://softo.ag3nts.org/portfolio

[2025-06-05T13:35:34.841Z] Website analysis response: "answer":"no data" --- The website content does not provide specific information about a web interface for controlling robots developed for BanAN Technologies Inc.

[2025-06-05T13:35:37.297Z] Url extraction response: "url":"https://softo.ag3nts.org/portfolio%5F1%5Fc4ca4238a0b923820dcc509a6f75849b" --- The website content does not explicitly mention a web interface for controlling robots for BanAN Technologies Inc. However, the most relevant information is likely found in the portfolio link for BanAN Technologies Inc.

[2025-06-05T13:35:37.297Z] Analyzing URL: https://softo.ag3nts.org/portfolio%5F1%5Fc4ca4238a0b923820dcc509a6f75849b

[2025-06-05T13:35:38.696Z] Website analysis response: "answer":"https://banan.ag3nts.org" --- The content provides a link to the web interface for controlling robots developed for BanAN.

🔵 Found answer for task 02: https://banan.ag3nts.org

[2025-06-05T13:35:38.696Z] Processing task 03: Jakie dwa certyfikaty jakości ISO otrzymała firma SoftoAI?

[2025-06-05T13:35:38.696Z] Analyzing URL: https://softo.ag3nts.org

[2025-06-05T13:35:39.963Z] Website analysis response: "answer":"no data" --- The website content does not mention any ISO quality certificates received by SoftoAI.

[2025-06-05T13:35:41.603Z] Url extraction response: "url":"/uslugi" --- The provided website content does not mention any specific ISO quality certifications received by SoftoAI. Therefore, I need to find the most relevant link that could potentially provide more information about their certifications, which would likely be in the 'Co oferujemy?' section where they discuss their services in more detail.

[2025-06-05T13:35:41.603Z] Analyzing URL: https://softo.ag3nts.org/uslugi

[2025-06-05T13:35:42.459Z] Website analysis response: "answer":"no data" --- The website content does not mention any specific ISO quality certificates obtained by SoftoAI.

[2025-06-05T13:35:43.829Z] Url extraction response: "url":"/" --- The provided website content does not mention any specific ISO quality certifications received by SoftoAI. Therefore, I cannot direct you to a specific URL containing that information.

[2025-06-05T13:35:43.830Z] Analyzing URL: https://softo.ag3nts.org/

[2025-06-05T13:35:45.629Z] Website analysis response: "answer":"no data" --- The website content does not mention any ISO quality certificates received by SoftoAI.

[2025-06-05T13:35:47.171Z] Url extraction response: "url":"/uslugi" --- The provided website content does not contain specific information regarding the ISO quality certificates obtained by SoftoAI. Therefore, I need to find the most relevant section that might provide general information about their services or achievements.

🚨 Skipping already visited URL: https://softo.ag3nts.org/uslugi

🚨 Failed to analyze question --- URL already visited

🚨 Failed to run analysis --- URL already visited
