Log file created at 2025-06-05T14:15:12.180Z
--------------------------------------------
[2025-06-05T14:15:12.360Z] Downloaded tasks: {"01":"Podaj adres mailowy do firmy SoftoAI","02":"Jaki jest adres interfejsu webowego do sterowania robotami zrealizowanego dla klienta jakim jest firma BanAN?","03":"Jakie dwa certyfikaty jakości ISO otrzymała firma SoftoAI?"}

[2025-06-05T14:15:12.360Z] [{"id":"01","question":"Podaj adres mailowy do firmy SoftoAI"},{"id":"02","question":"Jaki jest adres interfejsu webowego do sterowania robotami zrealizowanego dla klienta jakim jest firma BanAN?"},{"id":"03","question":"Jakie dwa certyfikaty jakości ISO otrzymała firma SoftoAI?"}]

[2025-06-05T14:15:12.360Z] Processing task 01: Podaj adres mailowy do firmy SoftoAI

[2025-06-05T14:15:12.360Z] Analyzing URL: https://softo.ag3nts.org

[2025-06-05T14:15:14.102Z] Website analysis response: "answer":"no data" --- The provided website content does not contain any email address for SoftoAI.

[2025-06-05T14:15:17.570Z] Url extraction response: "url":"/kontakt" --- The provided website content does not explicitly mention an email address for the company SoftoAI. However, the 'Kontakt' section might provide ways to reach them, including potentially an email option.

[2025-06-05T14:15:17.570Z] Analyzing URL: https://softo.ag3nts.org/kontakt

[2025-06-05T14:15:18.411Z] Website analysis response: "answer":"kontakt@softoai.whatever" --- The content provides contact information including an email address.

🔵 Found answer for task 01: kontakt@softoai.whatever

[2025-06-05T14:15:18.412Z] Processing task 02: Jaki jest adres interfejsu webowego do sterowania robotami zrealizowanego dla klienta jakim jest firma BanAN?

[2025-06-05T14:15:18.412Z] Analyzing URL: https://softo.ag3nts.org

[2025-06-05T14:15:19.638Z] Website analysis response: "answer":"no data" --- The provided content does not mention any specific web interface or client named BanAN.

[2025-06-05T14:15:21.079Z] Url extraction response: "url":"/portfolio" --- The provided website content does not contain specific information about a web interface for controlling robots for a client named BanAN. Therefore, I will analyze the links available for any potential related information.

[2025-06-05T14:15:21.079Z] Analyzing URL: https://softo.ag3nts.org/portfolio

[2025-06-05T14:15:22.271Z] Website analysis response: "answer":"no data" --- The website content does not provide specific information about a web interface for controlling robots developed for the client BanAN Technologies Inc.

[2025-06-05T14:15:23.799Z] Url extraction response: "url":"https://softo.ag3nts.org/portfolio%5F1%5Fc4ca4238a0b923820dcc509a6f75849b" --- The question asks for the web interface address for controlling robots developed for the client BanAN Technologies Inc. The relevant link should be found in the portfolio section.

[2025-06-05T14:15:23.799Z] Analyzing URL: https://softo.ag3nts.org/portfolio%5F1%5Fc4ca4238a0b923820dcc509a6f75849b

[2025-06-05T14:15:25.367Z] Website analysis response: "answer":"Adres interfejsu webowego do zdalnego programowania robotów przemysłowych to: https://banan.ag3nts.org" --- The content mentions a link to the web interface developed for BanAN, which is important to answer the question.

🔵 Found answer for task 02: Adres interfejsu webowego do zdalnego programowania robotów przemysłowych to: https://banan.ag3nts.org

[2025-06-05T14:15:25.367Z] Processing task 03: Jakie dwa certyfikaty jakości ISO otrzymała firma SoftoAI?

[2025-06-05T14:15:25.367Z] Analyzing URL: https://softo.ag3nts.org

[2025-06-05T14:15:26.749Z] Website analysis response: "answer":"no data" --- The provided website content does not mention any ISO quality certificates received by SoftoAI.

[2025-06-05T14:15:28.306Z] Url extraction response: "url":"/uslugi" --- The website content does not provide specific information about the ISO quality certifications received by SoftoAI. Therefore, I will look for a relevant link that might contain more information about the company's certifications.

[2025-06-05T14:15:28.306Z] Analyzing URL: https://softo.ag3nts.org/uslugi

[2025-06-05T14:15:29.431Z] Website analysis response: "answer":"no data" --- Analizuję zawartość strony w celu znalezienia informacji na temat certyfikatów ISO.

[2025-06-05T14:15:30.904Z] Url extraction response: "url":"" --- The provided website content does not mention any ISO quality certifications received by SoftoAI. Therefore, I cannot provide a relevant URL that contains information about the certifications.

🚨 No unvisited URLs found

[2025-06-05T14:15:30.905Z] Analyzing URL: undefined

🚨 Failed to analyze question --- Failed to process website undefined: undefined is not an object (evaluating 'url.replace')

🚨 Failed to run analysis --- Failed to process website undefined: undefined is not an object (evaluating 'url.replace')
