Log file created at 2025-06-13T17:26:43.484Z
--------------------------------------------
[2025-06-13T17:26:43.487Z] Reading cached questions from /home/artek/Desktop/AI_DEVS_3_RELOADED/AI_DEVS_3/data/S05/E01/phone_questions.json

[2025-06-13T17:26:43.488Z] Analyzing conversation [object Object]

[2025-06-13T17:26:49.345Z] Analysis result: {
  "_thinking": "The conversation involves two characters discussing a mission related to a person named Andrzej who is deceased. The context suggests they are likely involved in some sort of resistance against an oppressive regime, which fits the profiles of Barbara Zawadzka and Adam Gospodarczyk from the facts provided. Barbara is a skilled IT specialist and involved in the resistance, and Adam is known for training agents in the resistance. Their conversation about the deceased individual and the technical aspects of their mission indicates they are both active members of this movement.",
  "confidence": "high",
  "people": "Barbara Zawadzka, Adam Gospodarczyk"
}

[2025-06-13T17:26:49.346Z] Analyzing conversation [object Object]

[2025-06-13T17:26:54.021Z] Analysis result: {
  "_thinking": "Based on the conversation, one person refers to Samuel, and another responds as Zygfryd. The context of their conversation suggests a discussion about a person who failed to complete a task and the implications of a recent event concerning someone's death. Given the details provided about the individuals involved and their relationships, I can confidently identify Samuel and Zygfryd as the speakers.",
  "confidence": "high",
  "people": "Samuel, Zygfryd"
}

[2025-06-13T17:26:54.021Z] Analyzing conversation [object Object]

[2025-06-13T17:26:55.961Z] Analysis result: {
  "_thinking": "The conversation involves two individuals, Samuel and Zygfryd. Samuel is receiving a call from Zygfryd, who is giving him instructions related to a task. Since the conversation specifically names these two individuals and outlines their interaction, I can confidently identify them as the people talking to each other.",
  "confidence": "high",
  "people": "Samuel, Zygfryd"
}

[2025-06-13T17:26:55.961Z] Analyzing conversation [object Object]

[2025-06-13T17:26:59.068Z] Analysis result: {
  "_thinking": "The conversation involves two characters: Samuel, who initiates the call, and Tomasz, who responds and provides the password. Their interaction indicates they are discussing security measures, which aligns with the context of the factory and its various sectors. The details about layers of security and the mention of a person named Zygfryd suggest a technical and operational discussion. Therefore, I am confident that these two individuals are the ones conversing.",
  "confidence": "high",
  "people": "Samuel, Tomasz"
}

[2025-06-13T17:26:59.068Z] Analyzing conversation [object Object]

[2025-06-13T17:27:01.723Z] Analysis result: {
  "_thinking": "The conversation involves Witek and another person who is likely Barbara Zawadzka based on context clues regarding programming and hacking. Witek is seeking help with an API, and the other person mentions Samuel, indicating familiarity with someone in the programming community. Given Barbara's background in programming and her connection to the resistance against the regime, it seems she is the one helping Witek.",
  "confidence": "high",
  "people": "Witek, Barbara Zawadzka"
}
