Log file created at 2025-06-13T09:50:18.879Z
--------------------------------------------
[2025-06-13T09:50:18.882Z] Reading cached questions from /home/artek/Desktop/AI_DEVS_3_RELOADED/AI_DEVS_3/data/S05/E01/phone_questions.json

[2025-06-13T09:50:18.882Z] Processed 5 conversations and 44 rest messages

[2025-06-13T09:50:18.882Z] Conversations sorted by length:

[2025-06-13T09:50:18.882Z] Conversation 1: length 6

[2025-06-13T09:50:18.882Z] Conversation 3: length 7

[2025-06-13T09:50:18.882Z] Conversation 4: length 9

[2025-06-13T09:50:18.882Z] Conversation 2: length 7

[2025-06-13T09:50:18.882Z] Conversation 5: length 25

[2025-06-13T09:50:18.882Z] Conversations content: [
  {
    "start": "- Samuelu! helooo?! Słyszysz mnie teraz? Zadzwoniłem ponownie, bo chyba znowu z zasięgiem jest u Ciebie jakiś problem...",
    "end": "- OK. Dzwonię do Tomasza. [*dźwięk odkładanej słuchawki*]",
    "length": 6
  },
  {
    "start": "- Witaj Samuelu. Rozmawiałeś z nią?",
    "end": "- hej! jesteś tam? Coś słabo Cię słychać. Słychać tylko trzaski i przerywa mocno. Halooooo?",
    "length": 7
  },
  {
    "start": "- Cześć Tomasz. Tu Samuel. Dostałem ten numer od szefa. Potrzebuję hasła do pierwszej warstwy zabezpieczeń kompa sam wiesz kogo. Możesz mi pomóc?",
    "end": "- piątka to posłuszna owieczka. Wykonuje polecenia, ale nie wie co robi. Dobra, dzięki za hasło. Przekażę je numerowi piątemu [*dźwięk odkładanej słuchawki*]",
    "length": 7
  },
  {
    "start": "- Halo? Jesteś tam? tu Witek. Potrzebuję Twojej pomocy.",
    "end": "- jasne mała! powodzenia z tym kombinowaniem. Bądź jak Helmut Rahn w 1954 roku i pokaż im na co Cię stać! [*dźwięk odkładanej słuchawki*]",
    "length": 9
  },
  {
    "start": "- Hej! Jak tam agentko? Jak się czujesz po rozmowie?",
    "end": "- no ja nie mogę... na czym go miałaś uczyć tego JavaScriptu? Gość nie ma kompa czaisz?! Na glinianych tabliczkach mieliście pisać te programy dłutem? Teraz wiedzą, że tam byłaś! Dobra, nara! Mam Zygfryda na drugiej linii [*dźwięk odkładanej słuchawki*]",
    "length": 25
  }
]
