Log file created at 2025-06-03T20:10:14.132Z
--------------------------------------------
[2025-06-03T20:10:14.132Z] Correct data: marmelo,cereja,castanha
keltainen,sininen,valkoinen
yfory,heddiw,ddoe
arama,bilaketa,aurkitu
mahinahon,mahusay,matalino
hamis,csinos,forras
syntyä,pasig,felel
katak,tanda,ngiti
lukija,tutkija,valvoja
berde,kamay,bukas
txori,belar,haran
parede,mesa,cadeira
smilts,miegs,seja
lauk,ozols,vējš
hirukote,aingura,harkaitz
balea,begia,sudurra
taim,cuimhne,bliain
deisiol,dwyreiniol,gorllewinol
dapur,kubur,sepatu
magas,kedves,drága
dwylo,blodau,cerdd
lárma,bánat,öröm
lämpö,kylmä,tuuli
tuli,jää,savu
skatt,vagn,moln
utazás,gyors,lassú
magbiro,sumakit,kumain
kulungan,bisaya,dagat
mapa,ilaw,tangan
surat,pagkain,tubig
istuin,kirja,pöytä
gontyn,cwmwl,gwesty
matalim,tulog,takip
hirnak,friss,kalap
lakás,idő,munka
kartta,kirje,kynä
álom,iskola,templom
karszék,asztal,kanál
makati,masipag,mabango
tikar,bunga,bayang
sortu,eraiki,aldatu
mező,erdő,tenger
gyűrű,kabát,cipő
kesä,talvi,syksy
canu,cloch,cyfan
tere,lapa,roka
egun,gau,mendi
adur,itsaso,ibai
abiadura,pisu,kolore
antzinako,berri,moderno
baloi,aklat,bukid
mataas,mababa,mahaba
terápia,huolto,hoito
tonttu,keiju,haltija
kaiken,armas,tarve
hauki,kala,lohi
eväs,valinta,pito
keinu,liike,heiluri
kasvot,hampaat,hiukset
frynt,amser,bwrdd
cyfrifiadur,teledu,ffôn
gwres,oer,haf
papan,sikat,orasan
kumusta,salamat,paalam
matagal,kumain,sumayaw
abade,padre,monge
segredo,alma,coração
olvido,samba,folha
kezét,arcát,szemét
csoda,medve,tavasz
valaki,senki,mindenki
utca,város,ország
valitse,valittu,lupa
sivellin,maali,taide
saari,meri,ranta
kerma,sokeri,jauho
kello,kirja,avain
kylpy,sauna,vesi
mahal,tahanan,trabaho
larawan,alaala,kasaysayan
magkano,maaga,mabilis
lángos,kifli,pogácsa
gatya,kalap,kendő
magdusa,maglaro,magsulat
lovas,pásztor,vadász
veszély,bátor,félelem
dilaw,pula,berde
bituin,buwan,araw
tähti,kuu,aurinko
gyenge,halvány,vékony
leuka,poski,olkapää
kuvasz,kutya,cachorro
tinta,papel,caneta
laukku,kenkä,takki
kynsien,varvas,hiusten
fynegi,pawen,coesau
dwylo,breichiau,clustiau
pastel,bolo,torta
gafael,rheoli,gweithredu
hosto,bulaklak,puno
keztyű,sapka,ruha
matagumpay,matapang,matalino
kabibe,kulay,kumot
viheltää,huutaa,itkeä
kuvittaa,piirtää,maalata
gyllene,silver,brons
aloittaa,päättää,jatkaa
szálló,fogadó,motel
írni,olvasni,beszélni
mahirap,madali,mabilis
talaga,tunay,totoo
barco,navio,veleiro
matalino,matapang,malakas
gumawa,sumira,tumawa
malayo,malapit,malayu
nagyobb,kisebb,egyenlő
kezes,kedves,kényes
fuwagi,paghinga,pahinga
túlzás,elégség,hiány
lama,silda,steg
lampa,soffan,bordet
cachu,caru,canol
cryf,gwan,cloff
teulu,plant,cyfaill
heledd,gwenu,cysgu
cerdyn,llythyr,papur
cuimhne,rince,fuinneog
masnach,lledr,meddyg
aberth,achub,arbed
gizon,neska,mutil
atsegin,zaila,garesti
txoria,arraina,otsoa
ederra,itsusia,argia
hartu,erosi,saldu
gogor,leun,bigun
matalik,malayo,mabaho
bilog,parisukat,tatsulok
ibabaw,ilalim,gitna
gising,tulog,pagod
ngipin,labi,dila
daliri,kamay,paa
malaki,maliit,katamtaman
gosto,cheiro,visão
cabelo,olhos,pele
sapato,vestido,bolsa
magico,misterioso,secreto
forte,fraco,médio
trama,enredo,história
louco,insano,doido
chave,fechadura,porta
velho,jovem,maduro
kuvaus,tarina,juoni
kaunis,ruma,keskiverto
valkoinen,musta,harmaa
kuuma,kylmä,lämmin
suuri,pieni,keskikokoinen
elävä,kuollut,nukkuva
nopea,hidas,nopeus
korkea,matala,taso
ystävä,vihollinen,kumppani
taivas,maa,meri
ilmava,tiivis,avara
farkku,paita,takki
hattu,huivi,käsine
puuvilla,silkki,villa
juures,hedelmä,vihannes
lento,ajaa,kävellä
syvä,matala,korkeus
harso,verho,kangas
muovi,lasi,metalli
raapia,puhdistaa,hangata
nauraa,itkeä,hymyillä
valo,saari,lehto
vacio,estrada,lavoura
trefnu,brwydr,pellter
kalina,azoka,aitzakia
alat,kilos,isip
manna,strand,brunn
gwenu,hyhi,llachar
veida,maksa,velti
moita,pomar,vinho
talo,savi,kangas
turog,hatak,vonal
sored,broga,coeden
silta,peite,juuri
kaisa,eguna,txori
bilis,kulay,hangin
puhelin,aamu,tuuli
dator,beroa,gari
kalap,tenger,meleg
karne,bakat,halaman
aurinko,kupla,maisu
viento,branco,rapido
silloin,hetki,paiva
viela,ilta,kauppa
bwrdd,llwyd,teclyn
aitzaki,hegal,udazken
estante,carta,caixa
tiempe,silta,savu
lamari,broga,tywydd
darbs,diena,kaste
zelta,telpa,saule
klase,sukat,hangin
agwedd,bachgen,tywydd
tapas,baston,morro
karums,sekel,valoda
lukea,maata,suunta
kengat,saari,tuhka
kiekko,peite,silta
kivi,naava,kilpa
kutsu,hattu,neula
kaste,galds,telpa
tehdas,kuusi,kangas
tantas,maayo,hagos
kutsu,sarvi,peite
gaban,aitzaki,barru
maksu,kasvu,pallo
galds,zelta,darba
kannel,ilgums,saule
alento,feliz,abriu
lehto,tehdas,kuusi
carta,estilo,pluma
hatak,vonal,meleg
pagod,bagay,kulay
lusto,galdu,argi
meron,diwa,bilang
segir,tapas,buruz
vinho,prado,moita
moita,carta,estilo
dinas,munud,gwenu
skola,piekst,galds
munud,brwydr,dinas
hattu,naava,kasvu
hatak,ajto,kalap
manna,vagga,rummet
paiva,kuusi,aamu
valoda,kuha,kaste
minta,ajto,kalap
capa,perda,perder
andar,sabor,corda
satu,lima,asal
diena,ilgums,maksa
txori,udazken,ibon
dager,sarna,brunn
kiekko,pallo,ruoka
prado,vinho,muitos
maayo,puno,araw
diena,kaste,kuha
oras,hangin,araw
araw,bagay,sukat
hatak,turog,barna
kasvu,tytar,suunta
maksa,kuha,ilgums
lamari,bachgen,bwlch
jyvat,paiva,aamu
bwlch,agwedd,gwenu
brwydr,sored,lamari
tawid,alat,huwa
ibon,beroa,lusto
kezka,etxea,dator
pluma,rosto,capa
hinog,tawid,alat
vonal,kalap,meleg
aintza,gari,kaisa
kutsu,tiempe,silta
taim,klase,bagay
viela,tuhka,lehto
amare,loco,tapas
bakat,hinog,huwag
saari,natt,valo
maksa,valoda,saka
suvi,lumi,vankka
kaisa,buruz,maisu
alat,kulay,oras
bulut,etxea,aintza
tavla,flod,strand
kaisa,azoka,gari
kutsu,sarvi,aamu
loco,nadie,amare
natt,rummet,manna
tavla,vagga,strand
valoda,saule,piekst
lavoura,estrada,carta
piekst,valoda,kaste
kasvu,naava,vankka
suunta,savu,lukea
pluma,morro,loco
bilis,tiada,asaw
darba,sekel,karums
lavoura,pomar,estilo
kangas,tuhka,lehto
huwag,bagay,araw
lembro,perder,tapas
sored,coeden,llwch
tiada,araw,huwa
kilpa,ruoka,suvi
loco,perda,rosto
strand,vagga,brunn
juuri,aurinko,naava
vankka,suvi,pallo
segir,gaban,dator
ranta,aurinko,savu
aintza,beroa,txori
kanto,bilis,pusu
naida,tiempe,juuri
piekst,saule,sekel
kupla,parit,talo
kauppa,hattu,lukea
caixa,lembro,talvez
estilo,abriu,caixa
bulut,barru,buruz
kalma,pusu,bilis
tytar,vankka,puhelin
gwenu,llwch,noson
agos,taim,pusu
branco,perder,perda
hetki,kuusi,silta
pagod,dulog,taim
berde,tantas,dagiti
tenger,kalina,meleg
herra,suvi,aika
feliz,capa,lembro
alat,tawid,berde
llachar,hyhi,noson
saule,telpa,saka
maksu,parit,kengat
ranta,silloin,hattu
sarvi,parit,jyvat
pallo,ruoka,juuri
golau,pellter,llachar
agos,dulog,sukat
tytar,savi,silloin
lasku,kiekko,ruoka
satu,tantas,dulog
hangin,asaw,huwag
dagiti,karne,dulog
karne,tawid,asaw
bwrdd,coeden,trefnu
vinho,estrada,talvez
teclyn,llwyd,cefndir
moln,brunn,flod
branco,estante,estrada
sarna,tavla,dager
huwa,meron,klase
llwyd,bachgen,trefnu
muitos,lavoura,pomar
munud,trefnu,hyhi
llwyd,pellter,cefndir
karine,puhelin,naida
kupla,aika,parit
vagga,moln,flod
talo,tehdas,kupla
corda,talvez,abriu
kannel,zelta,galds
saule,skola,diena
puhelin,neula,tehdas
bilang,kanto,araw
oros,satu,meron
maata,valo,tiempe
sekel,skola,ilgums
dator,etxea,maisu
karine,kupla,ruoka
kauppa,silloin,puhelin
silla,forma,nadie
tapas,amare,corda
tuuli,naida,aika
flod,moln,tavla
kamar,tantas,satu
giro,galdu,azoka
hattu,silta,peite
hyhi,noson,trefnu
amar,kezka,kalma
kuha,zelta,saka
hagos,diwa,kulay
lasku,vankka,neula
llawr,hyhi,llachar
silla,sabor,pluma
kangas,jyvat,kengat
telpa,saka,sekel
caixa,vinho,branco
dulog,alat,asaw
lasku,karine,maata


[2025-06-03T20:10:14.134Z] Incorrect data: pulpet,vinst,tråd
etxea,cyntaf,luku
haurra,yndys,peruna
taide,leite,mota
saraf,maki,gula
mawar,prism,susu
llyfr,planta,vinho
enerģija,koti,onda
elpis,kalung,bord
teraz,agora,abia
sariawan,ízület,klippa
heder,mardröm,kärlek
hapu,seda,chuva
kutsu,gato,madarak
surun,cariad,isuna
salle,galdetu,tangan
nuvem,fénykép,golpe
olahraga,bantuan,kereta
enkel,puu,salu
segl,betyg,rotta
árbol,fagyos,blomma
punainen,berde,preto
rauha,drwg,baso
kasvojen,silmä,laba
lihakset,kulit,gwefus
kutya,etxe,madár
gyllene,lövő,prata
enamorar,bertan,tycio
ranta,praia,kust
kapital,tőke,dinheiro
kylmä,hamog,kedves
karam,hegy,mező
txakur,kissa,rua
sátor,teltta,paarma
sírás,kalpa,lágrima
ezüst,guld,selver
betűk,burat,letra
tuhat,ezer,mil
suudelma,csók,beijo
puutarha,kert,jardim
aarde,mente,chão
chwarae,gra,játék
urdin,azul,biru
metsä,skogen,erdő
vágni,corte,cortar
szív,hjärta,serce
vaimo,esposa,feleség
meri,sjö,tenger
ezüst,prata,hopea
könnyek,dagrau,kyyneleet
lobo,susi,farkas
gyfrinachol,titkos,hemlig
berde,verde,zöld
pantalon,nadrág,housut
esne,leite,tej
zökkenő,hoppe,salto
llawen,boldog,feliz
pedwar,négy,four
tân,tűz,fogo
breuddwyd,álom,sonho
gwres,meleg,calor
galar,bánat,tristeza
vihreä,berde,zöld
stol,asztal,mesa
glaw,eső,chuva
stryd,utca,rua
atokirri,reszkető,tremeluz
beltz,fekete,preto
txikia,kicsi,pequeno
ezkutatu,rejt,ocultar
lindo,szép,vacker
magkapareho,hasonló,similar
salbadera,mentés,salvar
marinheiro,tengerész,marinari
hüppelaud,trampolim,trampolí
közel,perto,lähellä
lámpás,lanterna,lyhty
cefnogi,támogat,suportar
hajó,laiva,barco
szamóca,mansikka,morango
nővér,syster,irmã
palota,palácio,palatsi
bársony,sametti,veludo
terv,plano,plano
värav,portão,kapu
bérlet,aluguel,vuokra
szakács,kokki,cozinheiro
selymes,sedoso,silkkinen
kerek,redondo,pyöreä
labda,bola,pallo
matto,tapete,szőnyeg
pele,bőr,iho
pluma,toll,penna
surat,letra,levél
gwely,ágy,cama
nefoedd,menny,céu
cath,macska,gato
cyllell,kés,faca
tost,pirítós,torrada
tsiliwng,tetőtér,sótão
ysgol,iskola,escola
gistak,orrszarvú,rinoceronte
tangan,aklat,kapre
gwyliau,utazás,viagem
palla,labda,bola
ilma,vreme,idő
amatxo,anya,mãe
saippua,xabón,sabão
puhelin,telefon,telefone
dalar,fájdalom,dor
noson,éjszaka,notte
metsästys,vadászat,caça
canu,énekel,cantar
mawredd,nagyság,grandeza
rövid,kort,curto
alacsony,låg,baixo
saudade,honvágy,kaipaus
tiikeri,tigre,tigris
selkä,hát,costas
vér,sangue,veri
lábak,jalat,pernas
hielo,jég,jää
amser,idő,tempo
kelta,sárga,amarelo
oldat,solução,ratkaisu
laiva,hajó,navio
eräs,yksi,egy
korkea,alto,magas
biru,azul,kék
perhe,család,família
hatalom,makt,poder
bizon,biztonság,segurança
magkano,hinta,preço
bukod,különálló,separado
gwinllan,szőlőskert,vinhedo
hegyoldal,hillside,rinne
ikävä,szomorú,triste
chwerthin,nevetés,risada
túlvilág,além,tuonpuoleinen
hegazkina,avião,repülő
baskiila,mérleg,escala
txorrotx,éles,afiado
magenta,tulipalo,valokuvaus
aurinko,napfény,sol
arvokas,értékes,valioso
uskalla,kedvetlen,atrevido
figyelem,huomio,atenção
hiukset,cabelo,haj
makuuhuone,sovrum,quarto
kérdés,fråga,pergunta
lähellä,közel,perto
meleg,varm,quente
gyors,snabb,rápido
kalóz,pirata,merirosvo
elma,alma,äpple
polku,caminho,ösvény
rolig,vidám,divertido
fonal,thread,lanka
illatos,cheiroso,tuoksuva
mangueira,tömlő,letku
festeni,maalit,pintar
egyszerű,enkel,simples
lakható,vivivel,asuttava
sarok,kanta,calcanhar
pimennetty,elsötétített,escurecido
sírás,llanto,itku
soal,kérdés,pergunta
csavar,parafuso,ruuvi
fésű,pente,kampa
avaimet,llaves,kulcsok
dicsőséges,glorioso,loistava
munhangyn,munkás,trabalhador
makulay,színes,colorido
muovi,plástico,műanyag
kasvain,tumor,daganat
kút,poço,kaivo
vaso,edény,astia
mardi,kedd,terça
limpeza,puhdistus,tisztítás
madarak,aves,linnut
llydno,tengeri,meri
teilen,osztani,jakaa
maalari,pintor,festő
puhelin,telefono,telefon
beilaidd,kaunis,bonito
abeskorga,szárazság,seca
tanga,tawar,kalung
ropog,croc,crocante
enyhítés,alívio,helpotus
marrom,barna,ruskea
muita,egyéb,outro
kielletty,tiltott,proibido
sisilisko,gyík,lagarto
taitava,hábil,ügyes
viselkedés,comportamento,käytös
inget,camisa,paita
moita,mucho,paljon
nyers,surowy,mentetlen
nadrág,calças,housut
käsi,mão,kéz
cyntaf,első,primeiro
lábak,pés,jalat
ház,casa,talo
kuha,piekst,skola
esti,andar,tiada
bwlch,matka,vinho
maisu,dagiti,rummet
kupla,lumi,baston
agwedd,roda,kaste
karin,tautas,amar
golau,matalan,giro
lembro,galdu,kulay
gweini,nagod,suunta
talvez,pagal,azkar
saka,valoda,dulog
mulder,aurinko,morro
pista,menni,inang
bagay,corda,suvi
bwrdd,minta,tuhka
etxea,jyvat,nadar
cefndir,galaz,vankka
sukat,lukea,morro
kamar,aintza,flod
pagod,estilo,maksu
alaw,minta,rosto
huwag,ajtok,barna
kezka,pluma,kivi
meleg,oras,tavla
sagot,manna,rosto
tiada,dator,capa
agos,meler,huwa
noson,savu,tiada
nadie,kaste,halika
kezka,feliz,natt
forma,argi,maata
kanto,ibon,sarna
barna,dinas,kilo
forma,bulut,barru
meler,lumi,barna
abriu,kalma,peite
llawr,muitos,kalma
buruz,kulho,hinog
rosto,dator,tiada
viela,silla,naava
suvi,munud,pagod
talo,gaban,darba
diwa,tiada,esku
lusto,perda,kalpa
tuuli,kanto,vinho
amare,silla,alat
alat,berde,llawr
ilgums,kasvu,meron
kannel,golau,meron
kangas,sabor,bilang
matka,buruz,tawid
dinas,bagay,tyhja
minta,alat,dager
llawr,galdu,sekel
aika,hatak,perder
agwedd,minta,bagay
tiada,dator,perda
kezka,diwa,feliz
asal,puhelin,prado
alat,etxea,kuha
bilis,noson,tytar
andar,barna,maata
juuri,segir,kezka
kezka,gaban,llawr
herra,corda,galdu
gari,tautas,muitos
diwa,talvez,pallo
tuuli,meron,galdu
nadie,alat,berde
alat,tywydd,lasku
kulho,meron,loco
parit,turog,bagay
savi,rosto,kezka
agos,talvez,esku
kezka,noson,silta
turog,bilis,natt
tuhka,sukat,coeden
sosed,broga,hangin
kalpa,aika,bilang
diwa,karin,herra
lumi,pusu,kalap
golau,pista,maksa
naida,aika,vinho
maksa,alat,karin
meron,kalap,talvez
kalap,maata,karin
maksa,diwa,corda
alat,pallo,rosto
agos,maksa,gaban
tawid,natt,kasvu
kezka,meler,agwedd
ibon,herra,pusu
ranta,txori,agwedd
taim,hagos,tuhka
maisu,kezka,savu
hagos,kanto,herra
pagod,lasku,moita
tautas,nadie,llawr
kivi,asal,galdu
kamar,nadie,noson
kezka,viela,kulho
kasvu,asaw,nadie
bilis,hinog,dagiti
sukat,amare,savi
bilis,taim,baston
asaw,kivi,nadie
kezka,alat,juuri
karums,kannel,llwch
bilis,galdu,natt
talvez,sosed,hagos
taim,naida,tuhka
tiada,valo,kalap
noson,natt,asal
viela,pagod,llwch
tywydd,bilis,talo
golau,sekel,kannel
alat,segir,valo
asal,tautas,suunta
gweini,pallo,kivi
naida,barru,gweini
tautas,diwa,silla
tautas,maata,huwa
lasku,bilis,llwch
alat,rosto,bulut
ajtok,pagod,forma
bilis,kasvu,andar
forma,hinog,valo
bagay,buruz,parit
kaisa,asal,dinas
savi,corda,kezka
feliz,naida,natt
noson,maksa,gweini
diwa,pagod,maksa
hagos,bagay,viela
kalma,kulay,natt
tawid,perder,naida
puhelin,asal,vagga
alaw,sarna,silla
abriu,herra,huwa
llawr,dager,tuuli
kilpa,muitos,golau
feliz,maata,savi
alat,dator,ajtok
llawr,silta,piekst
buruz,suvi,alaw
meler,kalma,corda
bulut,tautas,kivi
pagod,taim,dager
darba,herra,perder
noson,jyvat,manna
cefndir,suunta,kilpa
meler,pluma,cefndir
bilang,alat,herra
vagga,tiada,alat
maata,nadie,kilpa
asaw,broga,kasvu
huwag,cefndir,forma
lehto,coeden,darba
alat,amare,alaw
alat,huwa,cefndir
rosto,kiekko,etxea
meler,munud,jyvat
silla,kilpa,gweini
tytar,alaw,silla
huwag,llawr,suvi
ranta,kasvu,huwag
nadie,gari,broga
tenger,segir,lembro
maata,taim,kasto
pluma,kulay,bagat
nadie,tytar,barru
txori,ranta,tuuli
maata,abriu,kuha
tiada,karin,meler
kulay,andar,vankka
tuhka,segir,pusu
llwch,lumi,diwa
kaste,maksu,tiada
kivi,ibon,maata
kezka,llawr,flod
kamar,feliz,kiekko
llawr,sekel,alat
rosto,coeden,lasku
kivi,bwlch,asaw
oras,sukat,ajtok
llawr,karums,bagay
gweini,aika,asaw
kezka,kalma,txori
gaban,buruz,nadie
tautas,asal,dager
esku,oras,savi
lehto,rosto,vagga
lumi,tapas,golau
jyvat,saka,capa
naida,cefndir,hatak
etxea,sarna,kuha
sekel,pluma,baston
natt,pusu,piekst
noson,hinog,lumi
perder,asaw,kannel
amare,kalina,talo
pagod,darba,minta
piekst,noson,corda
kezka,kanto,perda
hangin,sarvi,herra
valo,asal,rosto
pusu,corda,brwydr
kalma,esku,hagos
bilis,capa,kuha
pluma,kilpa,golau
corda,agwedd,huwa
araw,kangas,sarna
azoka,talvez,huwag
sukat,herra,viela
kaisa,pagod,puhelin
hangin,rummet,aika
nadie,savi,dagiti
golau,bilis,tapas
tapas,argi,silla
kiekko,perder,kulay
karums,piekst,huwa
aika,kasto,saka
ruoka,vagga,kiekko
manna,golau,kulay
baston,kaste,bilis
ibon,alaw,kangas
tytar,argi,valoda
kilpa,nadie,karin


[2025-06-03T20:10:14.135Z] Verify data: 01=kanto,saka,brunn
02=kezka,barru,asal
03=dwylo,blodau,cerdd
04=kutsu,gato,madarak
05=enamorar,bertan,tycio
06=ezkutatu,rejt,ocultar
07=selymes,sedoso,silkkinen
08=kynsien,varvas,hiusten
09=saudade,honvágy,kaipaus
10=masnach,lledr,meddyg

[2025-06-03T20:10:14.135Z] Processing line with ID: 01 --- kanto,saka,brunn

[2025-06-03T20:10:15.067Z] Response for ID 01: 0

[2025-06-03T20:10:15.067Z] Processing line with ID: 02 --- kezka,barru,asal

[2025-06-03T20:10:16.099Z] Response for ID 02: 0

[2025-06-03T20:10:16.099Z] Processing line with ID: 03 --- dwylo,blodau,cerdd

[2025-06-03T20:10:17.464Z] Response for ID 03: 1

[2025-06-03T20:10:17.465Z] Processing line with ID: 04 --- kutsu,gato,madarak

[2025-06-03T20:10:18.064Z] Response for ID 04: 0

[2025-06-03T20:10:18.064Z] Processing line with ID: 05 --- enamorar,bertan,tycio

[2025-06-03T20:10:18.647Z] Response for ID 05: 0

[2025-06-03T20:10:18.647Z] Processing line with ID: 06 --- ezkutatu,rejt,ocultar

[2025-06-03T20:10:28.094Z] Response for ID 06: 0

[2025-06-03T20:10:28.094Z] Processing line with ID: 07 --- selymes,sedoso,silkkinen
