Log file created at 2025-06-03T20:15:28.096Z
--------------------------------------------
[2025-06-03T20:15:28.098Z] Incorrect data length: 8664

[2025-06-03T20:15:34.356Z] Pattern analysis response:

[2025-06-03T20:15:34.356Z] 1. **Language or System Being Used**:
   - The data appears to be a collection of words from multiple languages. The correct examples contain sequences of three words that seem to be in the same language, suggesting the data is a multilingual dataset. Languages identified include Finnish, Hungarian, Basque, Welsh, Filipino, Portuguese, and others.

2. **Patterns in the Correct Data**:
   - **Language Consistency**: Each set of three words is consistently from the same language.
   - **Semantic Grouping**: The words within a set often relate to each other semantically, forming logical groups such as objects, concepts, or attributes (e.g., "matalim, tulog, takip" in Filipino or "kylpy, sauna, vesi" in Finnish).
   - **Cultural/Contextual Relevance**: The words are contextually appropriate for their respective languages, often reflecting common or culturally significant concepts.

3. **Patterns in the Incorrect Data**:
   - **Mixed Languages**: The sets often mix words from different languages (e.g., "taide, leite, mota" combines Finnish, Portuguese, and a non-matching word).
   - **Lack of Semantic or Cultural Cohesion**: Words do not form a cohesive semantic group or relate contextually (e.g., "pulpet, vinst, tråd" which are Swedish words but unrelated).
   - **Inappropriate Combinations**: Sometimes, words are grammatically or contextually incompatible even if they are from the same language.

4. **Key Differences Between Correct and Incorrect Data**:
   - **Language Consistency**: Correct examples maintain language consistency across each set, whereas incorrect examples mix different languages.
   - **Semantic Cohesion**: Correct examples have a semantic or thematic link between words, while incorrect examples often do not.
   - **Cultural Relevance**: Correct sets reflect cultural or language-specific relevance, unlike incorrect ones.
   - **Grammatical Fit**: Correct examples fit grammatically and contextually in their language, while incorrect examples may not.

5. **Identifying Correct or Incorrect Examples**:
   - **Check Language Consistency**: Verify that all three words in a set belong to the same language.
   - **Evaluate Semantic Cohesion**: Ensure the words form a logical group or have a thematic link.
   - **Assess Cultural and Contextual Relevance**: Check if the words make sense together within the cultural or contextual framework of the language.
   - **Use Language Tools**: Employ language detection tools or dictionaries to confirm the language and meaning of words.
   - **Analyze Patterns**: Compare new examples with known correct examples to identify patterns or inconsistencies.
