Log file created at 2025-06-02T23:53:29.962Z
--------------------------------------------
[2025-06-02T23:53:29.962Z] Centrala response (loaded): "Suchaj! mam dla Ciebie fotki o kt贸re prosie. https://centrala.ag3nts.org/dane/barbara/IMG_559.PNG https://centrala.ag3nts.org/dane/barbara/IMG_1410.PNG https://centrala.ag3nts.org/dane/barbara/IMG_1443.PNG https://centrala.ag3nts.org/dane/barbara/IMG_1444.PNG. Pamitaj, 偶e zawsze mogpoprawije dla Ciebie (polecenia: REPAIR/DARKEN/BRIGHTEN)."

[2025-06-02T23:53:29.965Z] Processing attempt 1 for image: IMG_559.PNG

[2025-06-02T23:53:29.965Z] message message to: IMG_559.PNG

[2025-06-02T23:53:33.530Z] Sending command to centrala: REPAIR IMG_559.PNG

[2025-06-02T23:53:33.631Z] Centrala response (command): {"code":0,"message":"Si robi! Czekaj... czekaj... o! Usunem uszkodzenia. Prosz: IMG_559_FGR4.PNG"}

[2025-06-02T23:53:33.631Z] 

[2025-06-02T23:53:33.631Z] Processing attempt 2 for image: IMG_559.PNG

[2025-06-02T23:53:33.632Z] message message to: Si robi! Czekaj... czekaj... o! Usunem uszkodzenia. Prosz: IMG_559_FGR4.PNG

[2025-06-02T23:53:36.946Z] Sending command to centrala: REPAIR IMG_559_FGR4.PNG

[2025-06-02T23:53:37.009Z] Centrala response (command): {"code":0,"message":"Co tu si... no nie... to nie wyglda dobrze. Spr贸buj czego innego."}

[2025-06-02T23:53:37.009Z] 

[2025-06-02T23:53:37.010Z] Processing attempt 3 for image: IMG_559_FGR4.PNG

[2025-06-02T23:53:37.010Z] message message to: Co tu si... no nie... to nie wyglda dobrze. Spr贸buj czego innego.

[2025-06-02T23:53:37.010Z] {"imageUrl":"IMG_559_FGR4.PNG","centralaResponse":"Co tu si... no nie... to nie wyglda dobrze. Spr贸buj czego innego."}

 Error in processOnceImage --- null is not an object (evaluating 'matches[0]')

 Error processing image IMG_559.PNG: --- null is not an object (evaluating 'matches[0]')

[2025-06-02T23:53:37.010Z] Processing attempt 1 for image: IMG_1410.PNG

[2025-06-02T23:53:37.010Z] message message to: IMG_1410.PNG

[2025-06-02T23:53:39.180Z] Sending command to centrala: REPAIR IMG_1410.PNG

[2025-06-02T23:53:39.242Z] Centrala response (command): {"code":0,"message":"No ja nie wiem... tak patrz na to foto i mi si nie wydaje, aby ta operacja miaa sens. Mo偶e spr贸bujesz czego innego?"}

[2025-06-02T23:53:39.242Z] 

[2025-06-02T23:53:39.243Z] Processing attempt 2 for image: IMG_1410.PNG

[2025-06-02T23:53:39.243Z] message message to: No ja nie wiem... tak patrz na to foto i mi si nie wydaje, aby ta operacja miaa sens. Mo偶e spr贸bujesz czego innego?

[2025-06-02T23:53:39.243Z] {"imageUrl":"IMG_1410.PNG","centralaResponse":"No ja nie wiem... tak patrz na to foto i mi si nie wydaje, aby ta operacja miaa sens. Mo偶e spr贸bujesz czego innego?"}

 Error in processOnceImage --- null is not an object (evaluating 'matches[0]')

 Error processing image IMG_1410.PNG: --- null is not an object (evaluating 'matches[0]')

[2025-06-02T23:53:39.243Z] Processing attempt 1 for image: IMG_1443.PNG

[2025-06-02T23:53:39.243Z] message message to: IMG_1443.PNG

[2025-06-02T23:53:45.739Z] Sending command to centrala: OK IMG_1443.PNG

[2025-06-02T23:53:45.867Z] Centrala response (command): {"code":-345,"message":"Suchaj... musisz mi dostarczyrysopis Barbary, albo poprosimnie o wykonanie operacji na zdjciach. Inaczej nie dam rady pom贸c."}

[2025-06-02T23:53:45.867Z] 

[2025-06-02T23:53:45.867Z] Processing attempt 2 for image: IMG_1443.PNG

[2025-06-02T23:53:45.867Z] message message to: Suchaj... musisz mi dostarczyrysopis Barbary, albo poprosimnie o wykonanie operacji na zdjciach. Inaczej nie dam rady pom贸c.

[2025-06-02T23:53:45.867Z] {"imageUrl":"IMG_1443.PNG","centralaResponse":"Suchaj... musisz mi dostarczyrysopis Barbary, albo poprosimnie o wykonanie operacji na zdjciach. Inaczej nie dam rady pom贸c."}

 Error in processOnceImage --- null is not an object (evaluating 'matches[0]')

 Error processing image IMG_1443.PNG: --- null is not an object (evaluating 'matches[0]')

[2025-06-02T23:53:45.867Z] Processing attempt 1 for image: IMG_1444.PNG

[2025-06-02T23:53:45.867Z] message message to: IMG_1444.PNG

[2025-06-02T23:53:51.093Z] Sending command to centrala: OK IMG_1444.PNG

[2025-06-02T23:53:51.194Z] Centrala response (command): {"code":-345,"message":"Suchaj... musisz mi dostarczyrysopis Barbary, albo poprosimnie o wykonanie operacji na zdjciach. Inaczej nie dam rady pom贸c."}

[2025-06-02T23:53:51.194Z] 

[2025-06-02T23:53:51.195Z] Processing attempt 2 for image: IMG_1444.PNG

[2025-06-02T23:53:51.195Z] message message to: Suchaj... musisz mi dostarczyrysopis Barbary, albo poprosimnie o wykonanie operacji na zdjciach. Inaczej nie dam rady pom贸c.

[2025-06-02T23:53:51.195Z] {"imageUrl":"IMG_1444.PNG","centralaResponse":"Suchaj... musisz mi dostarczyrysopis Barbary, albo poprosimnie o wykonanie operacji na zdjciach. Inaczej nie dam rady pom贸c."}

 Error in processOnceImage --- null is not an object (evaluating 'matches[0]')

 Error processing image IMG_1444.PNG: --- null is not an object (evaluating 'matches[0]')

[2025-06-02T23:53:51.195Z] Successfully processed images: []
