Log file created at 2025-06-03T00:15:53.551Z
--------------------------------------------
[2025-06-03T00:15:53.703Z] Centrala response (task start): {"code":0,"message":"Siemano! Powiedzieli Ci, że mam fotki. No mam! Oto one: https://centrala.ag3nts.org/dane/barbara/IMG_559.PNG https://centrala.ag3nts.org/dane/barbara/IMG_1410.PNG https://centrala.ag3nts.org/dane/barbara/IMG_1443.PNG https://centrala.ag3nts.org/dane/barbara/IMG_1444.PNG. Pamiętaj, że zawsze mogę poprawić je dla Ciebie (polecenia: REPAIR/DARKEN/BRIGHTEN)."}

[2025-06-03T00:15:53.703Z] Centrala response (loaded): "Siemano! Powiedzieli Ci, że mam fotki. No mam! Oto one: https://centrala.ag3nts.org/dane/barbara/IMG_559.PNG https://centrala.ag3nts.org/dane/barbara/IMG_1410.PNG https://centrala.ag3nts.org/dane/barbara/IMG_1443.PNG https://centrala.ag3nts.org/dane/barbara/IMG_1444.PNG. Pamiętaj, że zawsze mogę poprawić je dla Ciebie (polecenia: REPAIR/DARKEN/BRIGHTEN)."

[2025-06-03T00:15:53.704Z] Processing attempt 1 for image: IMG_559-small.PNG

[2025-06-03T00:15:53.704Z] message message to: IMG_559-small.PNG

🚨 Error in processOnceImage --- Failed to download file: Not Found

🚨 Error processing image IMG_559-small.PNG: --- Failed to download file: Not Found

[2025-06-03T00:15:53.778Z] Processing attempt 1 for image: IMG_1410-small.PNG

[2025-06-03T00:15:53.779Z] message message to: IMG_1410-small.PNG

🚨 Error in processOnceImage --- Failed to download file: Not Found

🚨 Error processing image IMG_1410-small.PNG: --- Failed to download file: Not Found

[2025-06-03T00:15:53.802Z] Processing attempt 1 for image: IMG_1443-small.PNG

[2025-06-03T00:15:53.802Z] message message to: IMG_1443-small.PNG

🚨 Error in processOnceImage --- Failed to download file: Not Found

🚨 Error processing image IMG_1443-small.PNG: --- Failed to download file: Not Found

[2025-06-03T00:15:53.822Z] Processing attempt 1 for image: IMG_1444-small.PNG

[2025-06-03T00:15:53.822Z] message message to: IMG_1444-small.PNG

🚨 Error in processOnceImage --- Failed to download file: Not Found

🚨 Error processing image IMG_1444-small.PNG: --- Failed to download file: Not Found

[2025-06-03T00:15:53.845Z] Successfully processed images: []
