Log file created at 2025-06-02T23:38:45.069Z
--------------------------------------------
[2025-06-02T23:38:45.070Z] Centrala response (loaded): "Słuchaj! mam dla Ciebie fotki o które prosiłeś. https://centrala.ag3nts.org/dane/barbara/IMG_559.PNG https://centrala.ag3nts.org/dane/barbara/IMG_1410.PNG https://centrala.ag3nts.org/dane/barbara/IMG_1443.PNG https://centrala.ag3nts.org/dane/barbara/IMG_1444.PNG. Pamiętaj, że zawsze mogę poprawić je dla Ciebie (polecenia: REPAIR/DARKEN/BRIGHTEN)."

[2025-06-02T23:38:45.073Z] Processing attempt 1 for image: IMG_559.PNG

[2025-06-02T23:38:45.073Z] message message to: IMG_559.PNG

🚨 No image URL found in message @!#@!#!@#!@#!@#

🚨 Error in processOnceImage --- null is not an object (evaluating 'matches[0]')

🚨 Error processing image IMG_559.PNG: --- null is not an object (evaluating 'matches[0]')

[2025-06-02T23:38:45.074Z] Processing attempt 1 for image: IMG_1410.PNG

[2025-06-02T23:38:45.074Z] message message to: IMG_1410.PNG

🚨 No image URL found in message @!#@!#!@#!@#!@#

🚨 Error in processOnceImage --- null is not an object (evaluating 'matches[0]')

🚨 Error processing image IMG_1410.PNG: --- null is not an object (evaluating 'matches[0]')

[2025-06-02T23:38:45.074Z] Processing attempt 1 for image: IMG_1443.PNG

[2025-06-02T23:38:45.074Z] message message to: IMG_1443.PNG

🚨 No image URL found in message @!#@!#!@#!@#!@#

🚨 Error in processOnceImage --- null is not an object (evaluating 'matches[0]')

🚨 Error processing image IMG_1443.PNG: --- null is not an object (evaluating 'matches[0]')

[2025-06-02T23:38:45.074Z] Processing attempt 1 for image: IMG_1444.PNG

[2025-06-02T23:38:45.074Z] message message to: IMG_1444.PNG

🚨 No image URL found in message @!#@!#!@#!@#!@#

🚨 Error in processOnceImage --- null is not an object (evaluating 'matches[0]')

🚨 Error processing image IMG_1444.PNG: --- null is not an object (evaluating 'matches[0]')

[2025-06-02T23:38:45.074Z] Successfully processed images: []
