Log file created at 2025-06-03T00:42:06.482Z
--------------------------------------------
[2025-06-03T00:42:06.482Z] Centrala response (loaded): "Siemano! Powiedzieli Ci, 偶e mam fotki. No mam! Oto one: https://centrala.ag3nts.org/dane/barbara/IMG_559.PNG https://centrala.ag3nts.org/dane/barbara/IMG_1410.PNG https://centrala.ag3nts.org/dane/barbara/IMG_1443.PNG https://centrala.ag3nts.org/dane/barbara/IMG_1444.PNG. Pamitaj, 偶e zawsze mogpoprawije dla Ciebie (polecenia: REPAIR/DARKEN/BRIGHTEN)."

[2025-06-03T00:42:06.484Z] Processing attempt 1 for image: IMG_559.PNG

[2025-06-03T00:42:06.484Z] message message to: {"status":"","imageUrl":"IMG_559.PNG","centralaResponse":"IMG_559.PNG"}

[2025-06-03T00:42:06.485Z] downloadFile downloadFile: IMG_559.PNG

[2025-06-03T00:42:06.485Z] downloadFile downloadFile downloadFile: https://centrala.ag3nts.org/dane/barbara/IMG_559.PNG

[2025-06-03T00:42:10.689Z] Sending command to centrala: REPAIR IMG_559.PNG

[2025-06-03T00:42:10.817Z] Centrala response (command): {"code":0,"message":"Si robi! Czekaj... czekaj... o! Usunem uszkodzenia. Prosz: IMG_559_FGR4.PNG"}

[2025-06-03T00:42:10.817Z] processOnceImage result: {"status":"REPAIR","imageUrl":"IMG_559.PNG","centralaResponse":"Si robi! Czekaj... czekaj... o! Usunem uszkodzenia. Prosz: IMG_559_FGR4.PNG"}

[2025-06-03T00:42:10.817Z] 

[2025-06-03T00:42:10.817Z] Processing attempt 2 for image: IMG_559.PNG

[2025-06-03T00:42:10.817Z] message message to: {"status":"REPAIR","imageUrl":"IMG_559.PNG","centralaResponse":"Si robi! Czekaj... czekaj... o! Usunem uszkodzenia. Prosz: IMG_559_FGR4.PNG"}

[2025-06-03T00:42:10.817Z] downloadFile downloadFile: IMG_559_FGR4.PNG

[2025-06-03T00:42:10.817Z] downloadFile downloadFile downloadFile: https://centrala.ag3nts.org/dane/barbara/IMG_559_FGR4.PNG

[2025-06-03T00:42:14.585Z] Sending command to centrala: REPAIR IMG_559_FGR4.PNG

[2025-06-03T00:42:14.645Z] Centrala response (command): {"code":0,"message":"Ejjj... no we藕... to wyglda jeszcze gorzej ni偶 przed operacj. We藕 spr贸buj czego innego."}

[2025-06-03T00:42:14.645Z] processOnceImage result: {"status":"REPAIR","imageUrl":"IMG_559_FGR4.PNG","centralaResponse":"Ejjj... no we藕... to wyglda jeszcze gorzej ni偶 przed operacj. We藕 spr贸buj czego innego."}

[2025-06-03T00:42:14.645Z] 

[2025-06-03T00:42:14.645Z] Processing attempt 3 for image: IMG_559_FGR4.PNG

[2025-06-03T00:42:14.645Z] message message to: {"status":"REPAIR","imageUrl":"IMG_559_FGR4.PNG","centralaResponse":"Ejjj... no we藕... to wyglda jeszcze gorzej ni偶 przed operacj. We藕 spr贸buj czego innego."}

[2025-06-03T00:42:14.645Z] {"message":"Ejjj... no we藕... to wyglda jeszcze gorzej ni偶 przed operacj. We藕 spr贸buj czego innego.","fallbackUrl":"IMG_559_FGR4.PNG"}

 No image filename found in message @!#@!#!@#!@#!@#, using IMG_559_FGR4.PNG

[2025-06-03T00:42:14.645Z] downloadFile downloadFile: IMG_559_FGR4.PNG

[2025-06-03T00:42:14.645Z] downloadFile downloadFile downloadFile: https://centrala.ag3nts.org/dane/barbara/IMG_559_FGR4.PNG

[2025-06-03T00:42:18.948Z] Sending command to centrala: DARKEN IMG_559_FGR4.PNG

[2025-06-03T00:42:19.006Z] Centrala response (command): {"code":0,"message":"Noooo! Teraz to wyglda naprawd dobrze. Mamy j! IMG_559_NRR7.PNG"}

[2025-06-03T00:42:19.007Z] processOnceImage result: {"status":"DARKEN","imageUrl":"IMG_559_FGR4.PNG","centralaResponse":"Noooo! Teraz to wyglda naprawd dobrze. Mamy j! IMG_559_NRR7.PNG"}

[2025-06-03T00:42:19.007Z] 

[2025-06-03T00:42:19.007Z] Processing attempt 4 for image: IMG_559_FGR4.PNG

[2025-06-03T00:42:19.007Z] message message to: {"status":"DARKEN","imageUrl":"IMG_559_FGR4.PNG","centralaResponse":"Noooo! Teraz to wyglda naprawd dobrze. Mamy j! IMG_559_NRR7.PNG"}

[2025-06-03T00:42:19.007Z] downloadFile downloadFile: IMG_559_NRR7.PNG

[2025-06-03T00:42:19.007Z] downloadFile downloadFile downloadFile: https://centrala.ag3nts.org/dane/barbara/IMG_559_NRR7.PNG

[2025-06-03T00:42:23.504Z] Sending command to centrala: OK IMG_559_NRR7.PNG

[2025-06-03T00:42:23.552Z] Centrala response (command): {"code":-345,"message":"Suchaj... musisz mi dostarczyrysopis Barbary, albo poprosimnie o wykonanie operacji na zdjciach. Inaczej nie dam rady pom贸c."}

[2025-06-03T00:42:23.552Z] processOnceImage result: {"status":"OK","imageUrl":"IMG_559_NRR7.PNG","centralaResponse":"Suchaj... musisz mi dostarczyrysopis Barbary, albo poprosimnie o wykonanie operacji na zdjciach. Inaczej nie dam rady pom贸c."}

[2025-06-03T00:42:23.552Z] Successfully processed image: IMG_559_NRR7.PNG

[2025-06-03T00:42:23.553Z] Processing attempt 1 for image: IMG_1410.PNG

[2025-06-03T00:42:23.553Z] message message to: {"status":"","imageUrl":"IMG_1410.PNG","centralaResponse":"IMG_1410.PNG"}

[2025-06-03T00:42:23.553Z] downloadFile downloadFile: IMG_1410.PNG

[2025-06-03T00:42:23.553Z] downloadFile downloadFile downloadFile: https://centrala.ag3nts.org/dane/barbara/IMG_1410.PNG

[2025-06-03T00:42:26.764Z] Sending command to centrala: BRIGHTEN IMG_1410.PNG

[2025-06-03T00:42:26.829Z] Centrala response (command): {"code":0,"message":"NO! Teraz widatwarze i wosy. To by dobry pomys! https://centrala.ag3nts.org/dane/barbara/IMG_1410_FXER.PNG"}

[2025-06-03T00:42:26.829Z] processOnceImage result: {"status":"BRIGHTEN","imageUrl":"IMG_1410.PNG","centralaResponse":"NO! Teraz widatwarze i wosy. To by dobry pomys! https://centrala.ag3nts.org/dane/barbara/IMG_1410_FXER.PNG"}

[2025-06-03T00:42:26.829Z] 

[2025-06-03T00:42:26.829Z] Processing attempt 2 for image: IMG_1410.PNG

[2025-06-03T00:42:26.829Z] message message to: {"status":"BRIGHTEN","imageUrl":"IMG_1410.PNG","centralaResponse":"NO! Teraz widatwarze i wosy. To by dobry pomys! https://centrala.ag3nts.org/dane/barbara/IMG_1410_FXER.PNG"}

[2025-06-03T00:42:26.829Z] downloadFile downloadFile: https://centrala.ag3nts.org/dane/barbara/IMG_1410_FXER.PNG

[2025-06-03T00:42:26.829Z] downloadFile downloadFile downloadFile: https://centrala.ag3nts.org/dane/barbara/https://centrala.ag3nts.org/dane/barbara/IMG_1410_FXER.PNG

 Error in processOnceImage --- Failed to download file: Not Found

 Error processing image IMG_1410.PNG: --- Failed to download file: Not Found

[2025-06-03T00:42:26.905Z] Processing attempt 1 for image: IMG_1443.PNG

[2025-06-03T00:42:26.905Z] message message to: {"status":"","imageUrl":"IMG_1443.PNG","centralaResponse":"IMG_1443.PNG"}

[2025-06-03T00:42:26.905Z] downloadFile downloadFile: IMG_1443.PNG

[2025-06-03T00:42:26.905Z] downloadFile downloadFile downloadFile: https://centrala.ag3nts.org/dane/barbara/IMG_1443.PNG

[2025-06-03T00:42:31.441Z] Sending command to centrala: REPAIR IMG_1443.PNG

[2025-06-03T00:42:31.484Z] Centrala response (command): {"code":0,"message":"Pyk, pyk, pyk, pytk jako tako i fajrant! Daem z siebie cae 30% - prosz: IMG_1443_FT12.PNG"}

[2025-06-03T00:42:31.484Z] processOnceImage result: {"status":"REPAIR","imageUrl":"IMG_1443.PNG","centralaResponse":"Pyk, pyk, pyk, pytk jako tako i fajrant! Daem z siebie cae 30% - prosz: IMG_1443_FT12.PNG"}

[2025-06-03T00:42:31.484Z] 

[2025-06-03T00:42:31.484Z] Processing attempt 2 for image: IMG_1443.PNG

[2025-06-03T00:42:31.484Z] message message to: {"status":"REPAIR","imageUrl":"IMG_1443.PNG","centralaResponse":"Pyk, pyk, pyk, pytk jako tako i fajrant! Daem z siebie cae 30% - prosz: IMG_1443_FT12.PNG"}

[2025-06-03T00:42:31.484Z] downloadFile downloadFile: IMG_1443_FT12.PNG

[2025-06-03T00:42:31.485Z] downloadFile downloadFile downloadFile: https://centrala.ag3nts.org/dane/barbara/IMG_1443_FT12.PNG

[2025-06-03T00:42:34.699Z] Sending command to centrala: OK IMG_1443_FT12.PNG

[2025-06-03T00:42:34.757Z] Centrala response (command): {"code":-345,"message":"Suchaj... musisz mi dostarczyrysopis Barbary, albo poprosimnie o wykonanie operacji na zdjciach. Inaczej nie dam rady pom贸c."}

[2025-06-03T00:42:34.757Z] processOnceImage result: {"status":"OK","imageUrl":"IMG_1443_FT12.PNG","centralaResponse":"Suchaj... musisz mi dostarczyrysopis Barbary, albo poprosimnie o wykonanie operacji na zdjciach. Inaczej nie dam rady pom贸c."}

[2025-06-03T00:42:34.757Z] Successfully processed image: IMG_1443_FT12.PNG

[2025-06-03T00:42:34.757Z] Processing attempt 1 for image: IMG_1444.PNG

[2025-06-03T00:42:34.757Z] message message to: {"status":"","imageUrl":"IMG_1444.PNG","centralaResponse":"IMG_1444.PNG"}

[2025-06-03T00:42:34.757Z] downloadFile downloadFile: IMG_1444.PNG

[2025-06-03T00:42:34.757Z] downloadFile downloadFile downloadFile: https://centrala.ag3nts.org/dane/barbara/IMG_1444.PNG

[2025-06-03T00:42:38.953Z] Sending command to centrala: OK IMG_1444.PNG

[2025-06-03T00:42:39.015Z] Centrala response (command): {"code":-345,"message":"Suchaj... musisz mi dostarczyrysopis Barbary, albo poprosimnie o wykonanie operacji na zdjciach. Inaczej nie dam rady pom贸c."}

[2025-06-03T00:42:39.015Z] processOnceImage result: {"status":"OK","imageUrl":"IMG_1444.PNG","centralaResponse":"Suchaj... musisz mi dostarczyrysopis Barbary, albo poprosimnie o wykonanie operacji na zdjciach. Inaczej nie dam rady pom贸c."}

[2025-06-03T00:42:39.015Z] Successfully processed image: IMG_1444.PNG

[2025-06-03T00:42:39.015Z] Successfully processed images: ["{\"status\":\"OK\",\"imageUrl\":\"IMG_559_NRR7.PNG\",\"centralaResponse\":\"Suchaj... musisz mi dostarczyrysopis Barbary, albo poprosimnie o wykonanie operacji na zdjciach. Inaczej nie dam rady pom贸c.\"}","{\"status\":\"OK\",\"imageUrl\":\"IMG_1443_FT12.PNG\",\"centralaResponse\":\"Suchaj... musisz mi dostarczyrysopis Barbary, albo poprosimnie o wykonanie operacji na zdjciach. Inaczej nie dam rady pom贸c.\"}","{\"status\":\"OK\",\"imageUrl\":\"IMG_1444.PNG\",\"centralaResponse\":\"Suchaj... musisz mi dostarczyrysopis Barbary, albo poprosimnie o wykonanie operacji na zdjciach. Inaczej nie dam rady pom贸c.\"}"]
