Log file created at 2025-06-03T00:31:50.216Z
--------------------------------------------
[2025-06-03T00:31:50.216Z] Centrala response (loaded): "Siemano! Powiedzieli Ci, 偶e mam fotki. No mam! Oto one: https://centrala.ag3nts.org/dane/barbara/IMG_559.PNG https://centrala.ag3nts.org/dane/barbara/IMG_1410.PNG https://centrala.ag3nts.org/dane/barbara/IMG_1443.PNG https://centrala.ag3nts.org/dane/barbara/IMG_1444.PNG. Pamitaj, 偶e zawsze mogpoprawije dla Ciebie (polecenia: REPAIR/DARKEN/BRIGHTEN)."

[2025-06-03T00:31:50.219Z] Processing attempt 1 for image: IMG_559.PNG

[2025-06-03T00:31:50.219Z] message message to: {"status":"","imageUrl":"IMG_559.PNG","centralaResponse":"IMG_559.PNG"}

[2025-06-03T00:31:50.219Z] downloadFile downloadFile downloadFile: https://centrala.ag3nts.org/dane/barbara/IMG_559.PNG

[2025-06-03T00:31:53.190Z] Sending command to centrala: REPAIR IMG_559.PNG

[2025-06-03T00:31:53.288Z] Centrala response (command): {"code":0,"message":"Si robi! Czekaj... czekaj... o! Usunem uszkodzenia. Prosz: IMG_559_FGR4.PNG"}

[2025-06-03T00:31:53.288Z] processOnceImage result: {"status":"REPAIR","imageUrl":"IMG_559.PNG","centralaResponse":"Si robi! Czekaj... czekaj... o! Usunem uszkodzenia. Prosz: IMG_559_FGR4.PNG"}

[2025-06-03T00:31:53.288Z] 

[2025-06-03T00:31:53.288Z] Processing attempt 2 for image: IMG_559.PNG

[2025-06-03T00:31:53.288Z] message message to: {"status":"REPAIR","imageUrl":"IMG_559.PNG","centralaResponse":"Si robi! Czekaj... czekaj... o! Usunem uszkodzenia. Prosz: IMG_559_FGR4.PNG"}

[2025-06-03T00:31:53.288Z] downloadFile downloadFile downloadFile: https://centrala.ag3nts.org/dane/barbara/IMG_559_FGR4.PNG

[2025-06-03T00:31:57.724Z] Sending command to centrala: REPAIR IMG_559_FGR4.PNG

[2025-06-03T00:31:57.772Z] Centrala response (command): {"code":0,"message":"Co tu si... no nie... to nie wyglda dobrze. Spr贸buj czego innego."}

[2025-06-03T00:31:57.772Z] processOnceImage result: {"status":"REPAIR","imageUrl":"IMG_559_FGR4.PNG","centralaResponse":"Co tu si... no nie... to nie wyglda dobrze. Spr贸buj czego innego."}

[2025-06-03T00:31:57.772Z] 

[2025-06-03T00:31:57.772Z] Processing attempt 3 for image: IMG_559_FGR4.PNG

[2025-06-03T00:31:57.772Z] message message to: {"status":"REPAIR","imageUrl":"IMG_559_FGR4.PNG","centralaResponse":"Co tu si... no nie... to nie wyglda dobrze. Spr贸buj czego innego."}

[2025-06-03T00:31:57.772Z] {"message":"Co tu si... no nie... to nie wyglda dobrze. Spr贸buj czego innego.","fallbackUrl":"IMG_559_FGR4.PNG"}

 No image filename found in message @!#@!#!@#!@#!@#, using IMG_559_FGR4.PNG

[2025-06-03T00:31:57.772Z] downloadFile downloadFile downloadFile: https://centrala.ag3nts.org/dane/barbara/IMG_559_FGR4.PNG

[2025-06-03T00:32:02.445Z] Sending command to centrala: REPAIR IMG_559_FGR4.PNG

[2025-06-03T00:32:02.517Z] Centrala response (command): {"code":0,"message":"No ja nie wiem... tak patrz na to foto i mi si nie wydaje, aby ta operacja miaa sens. Mo偶e spr贸bujesz czego innego?"}

[2025-06-03T00:32:02.517Z] processOnceImage result: {"status":"REPAIR","imageUrl":"IMG_559_FGR4.PNG","centralaResponse":"No ja nie wiem... tak patrz na to foto i mi si nie wydaje, aby ta operacja miaa sens. Mo偶e spr贸bujesz czego innego?"}

[2025-06-03T00:32:02.517Z] 

[2025-06-03T00:32:02.517Z] Processing attempt 4 for image: IMG_559_FGR4.PNG

[2025-06-03T00:32:02.517Z] message message to: {"status":"REPAIR","imageUrl":"IMG_559_FGR4.PNG","centralaResponse":"No ja nie wiem... tak patrz na to foto i mi si nie wydaje, aby ta operacja miaa sens. Mo偶e spr贸bujesz czego innego?"}

[2025-06-03T00:32:02.517Z] {"message":"No ja nie wiem... tak patrz na to foto i mi si nie wydaje, aby ta operacja miaa sens. Mo偶e spr贸bujesz czego innego?","fallbackUrl":"IMG_559_FGR4.PNG"}

 No image filename found in message @!#@!#!@#!@#!@#, using IMG_559_FGR4.PNG

[2025-06-03T00:32:02.517Z] downloadFile downloadFile downloadFile: https://centrala.ag3nts.org/dane/barbara/IMG_559_FGR4.PNG

[2025-06-03T00:32:05.773Z] Sending command to centrala: DARKEN IMG_559_FGR4.PNG

[2025-06-03T00:32:05.919Z] Centrala response (command): {"code":0,"message":"Noooo! Teraz to wyglda naprawd dobrze. Mamy j! IMG_559_NRR7.PNG"}

[2025-06-03T00:32:05.919Z] processOnceImage result: {"status":"DARKEN","imageUrl":"IMG_559_FGR4.PNG","centralaResponse":"Noooo! Teraz to wyglda naprawd dobrze. Mamy j! IMG_559_NRR7.PNG"}

[2025-06-03T00:32:05.919Z] 

[2025-06-03T00:32:05.919Z] Processing attempt 5 for image: IMG_559_FGR4.PNG

[2025-06-03T00:32:05.920Z] message message to: {"status":"DARKEN","imageUrl":"IMG_559_FGR4.PNG","centralaResponse":"Noooo! Teraz to wyglda naprawd dobrze. Mamy j! IMG_559_NRR7.PNG"}

[2025-06-03T00:32:05.920Z] downloadFile downloadFile downloadFile: https://centrala.ag3nts.org/dane/barbara/IMG_559_NRR7.PNG

[2025-06-03T00:32:10.184Z] Sending command to centrala: OK IMG_559_NRR7.PNG

[2025-06-03T00:32:10.244Z] Centrala response (command): {"code":-345,"message":"Suchaj... musisz mi dostarczyrysopis Barbary, albo poprosimnie o wykonanie operacji na zdjciach. Inaczej nie dam rady pom贸c."}

[2025-06-03T00:32:10.245Z] processOnceImage result: {"status":"OK","imageUrl":"IMG_559_NRR7.PNG","centralaResponse":"Suchaj... musisz mi dostarczyrysopis Barbary, albo poprosimnie o wykonanie operacji na zdjciach. Inaczej nie dam rady pom贸c."}

[2025-06-03T00:32:10.245Z] Successfully processed image: IMG_559_NRR7.PNG

[2025-06-03T00:32:10.245Z] Processing attempt 1 for image: IMG_1410.PNG

[2025-06-03T00:32:10.245Z] message message to: {"status":"","imageUrl":"IMG_1410.PNG","centralaResponse":"IMG_1410.PNG"}

[2025-06-03T00:32:10.245Z] downloadFile downloadFile downloadFile: https://centrala.ag3nts.org/dane/barbara/IMG_1410.PNG

[2025-06-03T00:32:13.481Z] Sending command to centrala: BRIGHTEN IMG_1410.PNG

[2025-06-03T00:32:13.542Z] Centrala response (command): {"code":0,"message":"NO! Teraz widatwarze i wosy. To by dobry pomys! https://centrala.ag3nts.org/dane/barbara/IMG_1410_FXER.PNG"}

[2025-06-03T00:32:13.542Z] processOnceImage result: {"status":"BRIGHTEN","imageUrl":"IMG_1410.PNG","centralaResponse":"NO! Teraz widatwarze i wosy. To by dobry pomys! https://centrala.ag3nts.org/dane/barbara/IMG_1410_FXER.PNG"}

[2025-06-03T00:32:13.542Z] 

[2025-06-03T00:32:13.542Z] Processing attempt 2 for image: IMG_1410.PNG

[2025-06-03T00:32:13.542Z] message message to: {"status":"BRIGHTEN","imageUrl":"IMG_1410.PNG","centralaResponse":"NO! Teraz widatwarze i wosy. To by dobry pomys! https://centrala.ag3nts.org/dane/barbara/IMG_1410_FXER.PNG"}

[2025-06-03T00:32:13.542Z] downloadFile downloadFile downloadFile: https://centrala.ag3nts.org/dane/barbara/https://centrala.ag3nts.org/dane/barbara/IMG_1410_FXER.PNG

 Error in processOnceImage --- Failed to download file: Not Found

 Error processing image IMG_1410.PNG: --- Failed to download file: Not Found

[2025-06-03T00:32:13.563Z] Processing attempt 1 for image: IMG_1443.PNG

[2025-06-03T00:32:13.564Z] message message to: {"status":"","imageUrl":"IMG_1443.PNG","centralaResponse":"IMG_1443.PNG"}

[2025-06-03T00:32:13.564Z] downloadFile downloadFile downloadFile: https://centrala.ag3nts.org/dane/barbara/IMG_1443.PNG

[2025-06-03T00:32:17.242Z] Sending command to centrala: REPAIR IMG_1443.PNG

[2025-06-03T00:32:17.302Z] Centrala response (command): {"code":0,"message":"Pyk, pyk, pyk, pytk jako tako i fajrant! Daem z siebie cae 30% - prosz: IMG_1443_FT12.PNG"}

[2025-06-03T00:32:17.302Z] processOnceImage result: {"status":"REPAIR","imageUrl":"IMG_1443.PNG","centralaResponse":"Pyk, pyk, pyk, pytk jako tako i fajrant! Daem z siebie cae 30% - prosz: IMG_1443_FT12.PNG"}

[2025-06-03T00:32:17.302Z] 

[2025-06-03T00:32:17.303Z] Processing attempt 2 for image: IMG_1443.PNG

[2025-06-03T00:32:17.303Z] message message to: {"status":"REPAIR","imageUrl":"IMG_1443.PNG","centralaResponse":"Pyk, pyk, pyk, pytk jako tako i fajrant! Daem z siebie cae 30% - prosz: IMG_1443_FT12.PNG"}

[2025-06-03T00:32:17.303Z] downloadFile downloadFile downloadFile: https://centrala.ag3nts.org/dane/barbara/IMG_1443_FT12.PNG

[2025-06-03T00:32:20.551Z] Sending command to centrala: OK IMG_1443_FT12.PNG

[2025-06-03T00:32:20.598Z] Centrala response (command): {"code":-345,"message":"Suchaj... musisz mi dostarczyrysopis Barbary, albo poprosimnie o wykonanie operacji na zdjciach. Inaczej nie dam rady pom贸c."}

[2025-06-03T00:32:20.598Z] processOnceImage result: {"status":"OK","imageUrl":"IMG_1443_FT12.PNG","centralaResponse":"Suchaj... musisz mi dostarczyrysopis Barbary, albo poprosimnie o wykonanie operacji na zdjciach. Inaczej nie dam rady pom贸c."}

[2025-06-03T00:32:20.598Z] Successfully processed image: IMG_1443_FT12.PNG

[2025-06-03T00:32:20.598Z] Processing attempt 1 for image: IMG_1444.PNG

[2025-06-03T00:32:20.598Z] message message to: {"status":"","imageUrl":"IMG_1444.PNG","centralaResponse":"IMG_1444.PNG"}

[2025-06-03T00:32:20.598Z] downloadFile downloadFile downloadFile: https://centrala.ag3nts.org/dane/barbara/IMG_1444.PNG

[2025-06-03T00:32:24.370Z] Sending command to centrala: OK IMG_1444.PNG

[2025-06-03T00:32:24.501Z] Centrala response (command): {"code":-345,"message":"Suchaj... musisz mi dostarczyrysopis Barbary, albo poprosimnie o wykonanie operacji na zdjciach. Inaczej nie dam rady pom贸c."}

[2025-06-03T00:32:24.501Z] processOnceImage result: {"status":"OK","imageUrl":"IMG_1444.PNG","centralaResponse":"Suchaj... musisz mi dostarczyrysopis Barbary, albo poprosimnie o wykonanie operacji na zdjciach. Inaczej nie dam rady pom贸c."}

[2025-06-03T00:32:24.501Z] Successfully processed image: IMG_1444.PNG

[2025-06-03T00:32:24.501Z] Successfully processed images: ["Suchaj... musisz mi dostarczyrysopis Barbary, albo poprosimnie o wykonanie operacji na zdjciach. Inaczej nie dam rady pom贸c.","Suchaj... musisz mi dostarczyrysopis Barbary, albo poprosimnie o wykonanie operacji na zdjciach. Inaczej nie dam rady pom贸c.","Suchaj... musisz mi dostarczyrysopis Barbary, albo poprosimnie o wykonanie operacji na zdjciach. Inaczej nie dam rady pom贸c."]
