Log file created at 2025-06-03T00:30:07.722Z
--------------------------------------------
[2025-06-03T00:30:07.722Z] Centrala response (loaded): "Siemano! Powiedzieli Ci, 偶e mam fotki. No mam! Oto one: https://centrala.ag3nts.org/dane/barbara/IMG_559.PNG https://centrala.ag3nts.org/dane/barbara/IMG_1410.PNG https://centrala.ag3nts.org/dane/barbara/IMG_1443.PNG https://centrala.ag3nts.org/dane/barbara/IMG_1444.PNG. Pamitaj, 偶e zawsze mogpoprawije dla Ciebie (polecenia: REPAIR/DARKEN/BRIGHTEN)."

[2025-06-03T00:30:07.725Z] Processing attempt 1 for image: IMG_559-small.PNG

[2025-06-03T00:30:07.725Z] message message to: {"status":"","imageUrl":"IMG_559-small.PNG","centralaResponse":"IMG_559-small.PNG"}

[2025-06-03T00:30:07.725Z] downloadFile downloadFile downloadFile: https://centrala.ag3nts.org/dane/barbara/IMG_559-small.PNG

[2025-06-03T00:30:10.340Z] Sending command to centrala: REPAIR IMG_559-small.PNG

[2025-06-03T00:30:10.466Z] Centrala response (command): {"code":0,"message":"Si robi! Czekaj... czekaj... o! Usunem uszkodzenia. Prosz: IMG_559_FGR4.PNG"}

[2025-06-03T00:30:10.466Z] processOnceImage result: {"status":"REPAIR","imageUrl":"IMG_559-small.PNG","centralaResponse":"Si robi! Czekaj... czekaj... o! Usunem uszkodzenia. Prosz: IMG_559_FGR4.PNG"}

[2025-06-03T00:30:10.466Z] 

[2025-06-03T00:30:10.466Z] Processing attempt 2 for image: IMG_559-small.PNG

[2025-06-03T00:30:10.466Z] message message to: {"status":"REPAIR","imageUrl":"IMG_559-small.PNG","centralaResponse":"Si robi! Czekaj... czekaj... o! Usunem uszkodzenia. Prosz: IMG_559_FGR4.PNG"}

[2025-06-03T00:30:10.466Z] downloadFile downloadFile downloadFile: https://centrala.ag3nts.org/dane/barbara/IMG_559_FGR4.PNG

[2025-06-03T00:30:13.785Z] Sending command to centrala: REPAIR IMG_559_FGR4.PNG

[2025-06-03T00:30:13.852Z] Centrala response (command): {"code":0,"message":"Ejjj... no we藕... to wyglda jeszcze gorzej ni偶 przed operacj. We藕 spr贸buj czego innego."}

[2025-06-03T00:30:13.852Z] processOnceImage result: {"status":"REPAIR","imageUrl":"IMG_559_FGR4.PNG","centralaResponse":"Ejjj... no we藕... to wyglda jeszcze gorzej ni偶 przed operacj. We藕 spr贸buj czego innego."}

[2025-06-03T00:30:13.852Z] 

[2025-06-03T00:30:13.852Z] Processing attempt 3 for image: IMG_559_FGR4.PNG

[2025-06-03T00:30:13.852Z] message message to: {"status":"REPAIR","imageUrl":"IMG_559_FGR4.PNG","centralaResponse":"Ejjj... no we藕... to wyglda jeszcze gorzej ni偶 przed operacj. We藕 spr贸buj czego innego."}

[2025-06-03T00:30:13.852Z] {"message":"Ejjj... no we藕... to wyglda jeszcze gorzej ni偶 przed operacj. We藕 spr贸buj czego innego.","fallbackUrl":"IMG_559_FGR4.PNG"}

 No image filename found in message @!#@!#!@#!@#!@#, using IMG_559_FGR4.PNG

[2025-06-03T00:30:13.852Z] downloadFile downloadFile downloadFile: https://centrala.ag3nts.org/dane/barbara/IMG_559_FGR4.PNG

[2025-06-03T00:30:16.756Z] Sending command to centrala: DARKEN IMG_559_FGR4.PNG

[2025-06-03T00:30:16.803Z] Centrala response (command): {"code":0,"message":"Noooo! Teraz to wyglda naprawd dobrze. Mamy j! IMG_559_NRR7.PNG"}

[2025-06-03T00:30:16.803Z] processOnceImage result: {"status":"DARKEN","imageUrl":"IMG_559_FGR4.PNG","centralaResponse":"Noooo! Teraz to wyglda naprawd dobrze. Mamy j! IMG_559_NRR7.PNG"}

[2025-06-03T00:30:16.804Z] 

[2025-06-03T00:30:16.804Z] Processing attempt 4 for image: IMG_559_FGR4.PNG

[2025-06-03T00:30:16.804Z] message message to: {"status":"DARKEN","imageUrl":"IMG_559_FGR4.PNG","centralaResponse":"Noooo! Teraz to wyglda naprawd dobrze. Mamy j! IMG_559_NRR7.PNG"}

[2025-06-03T00:30:16.804Z] downloadFile downloadFile downloadFile: https://centrala.ag3nts.org/dane/barbara/IMG_559_NRR7.PNG

[2025-06-03T00:30:20.942Z] Sending command to centrala: OK IMG_559_NRR7.PNG

[2025-06-03T00:30:21.001Z] Centrala response (command): {"code":-345,"message":"Suchaj... musisz mi dostarczyrysopis Barbary, albo poprosimnie o wykonanie operacji na zdjciach. Inaczej nie dam rady pom贸c."}

[2025-06-03T00:30:21.001Z] processOnceImage result: {"status":"OK","imageUrl":"IMG_559_NRR7.PNG","centralaResponse":"Suchaj... musisz mi dostarczyrysopis Barbary, albo poprosimnie o wykonanie operacji na zdjciach. Inaczej nie dam rady pom贸c."}

[2025-06-03T00:30:21.001Z] Successfully processed image: IMG_559_NRR7.PNG

[2025-06-03T00:30:21.001Z] Processing attempt 1 for image: IMG_1410-small.PNG

[2025-06-03T00:30:21.001Z] message message to: {"status":"","imageUrl":"IMG_1410-small.PNG","centralaResponse":"IMG_1410-small.PNG"}

[2025-06-03T00:30:21.001Z] downloadFile downloadFile downloadFile: https://centrala.ag3nts.org/dane/barbara/IMG_1410-small.PNG

[2025-06-03T00:30:22.908Z] Sending command to centrala: BRIGHTEN IMG_1410-small.PNG

[2025-06-03T00:30:22.970Z] Centrala response (command): {"code":0,"message":"NO! Teraz widatwarze i wosy. To by dobry pomys! https://centrala.ag3nts.org/dane/barbara/IMG_1410_FXER.PNG"}

[2025-06-03T00:30:22.970Z] processOnceImage result: {"status":"BRIGHTEN","imageUrl":"IMG_1410-small.PNG","centralaResponse":"NO! Teraz widatwarze i wosy. To by dobry pomys! https://centrala.ag3nts.org/dane/barbara/IMG_1410_FXER.PNG"}

[2025-06-03T00:30:22.970Z] 

[2025-06-03T00:30:22.970Z] Processing attempt 2 for image: IMG_1410-small.PNG

[2025-06-03T00:30:22.970Z] message message to: {"status":"BRIGHTEN","imageUrl":"IMG_1410-small.PNG","centralaResponse":"NO! Teraz widatwarze i wosy. To by dobry pomys! https://centrala.ag3nts.org/dane/barbara/IMG_1410_FXER.PNG"}

[2025-06-03T00:30:22.970Z] downloadFile downloadFile downloadFile: https://centrala.ag3nts.org/dane/barbara/https://centrala.ag3nts.org/dane/barbara/IMG_1410_FXER.PNG

 Error in processOnceImage --- Failed to download file: Not Found

 Error processing image IMG_1410-small.PNG: --- Failed to download file: Not Found

[2025-06-03T00:30:23.113Z] Processing attempt 1 for image: IMG_1443-small.PNG

[2025-06-03T00:30:23.113Z] message message to: {"status":"","imageUrl":"IMG_1443-small.PNG","centralaResponse":"IMG_1443-small.PNG"}

[2025-06-03T00:30:23.113Z] downloadFile downloadFile downloadFile: https://centrala.ag3nts.org/dane/barbara/IMG_1443-small.PNG

[2025-06-03T00:30:25.740Z] Sending command to centrala: REPAIR IMG_1443-small.PNG

[2025-06-03T00:30:25.800Z] Centrala response (command): {"code":0,"message":"Pyk, pyk, pyk, pytk jako tako i fajrant! Daem z siebie cae 30% - prosz: IMG_1443_FT12.PNG"}

[2025-06-03T00:30:25.800Z] processOnceImage result: {"status":"REPAIR","imageUrl":"IMG_1443-small.PNG","centralaResponse":"Pyk, pyk, pyk, pytk jako tako i fajrant! Daem z siebie cae 30% - prosz: IMG_1443_FT12.PNG"}

[2025-06-03T00:30:25.800Z] 

[2025-06-03T00:30:25.800Z] Processing attempt 2 for image: IMG_1443-small.PNG

[2025-06-03T00:30:25.800Z] message message to: {"status":"REPAIR","imageUrl":"IMG_1443-small.PNG","centralaResponse":"Pyk, pyk, pyk, pytk jako tako i fajrant! Daem z siebie cae 30% - prosz: IMG_1443_FT12.PNG"}

[2025-06-03T00:30:25.800Z] downloadFile downloadFile downloadFile: https://centrala.ag3nts.org/dane/barbara/IMG_1443_FT12.PNG

[2025-06-03T00:30:29.137Z] Sending command to centrala: OK IMG_1443_FT12.PNG

[2025-06-03T00:30:29.191Z] Centrala response (command): {"code":-345,"message":"Suchaj... musisz mi dostarczyrysopis Barbary, albo poprosimnie o wykonanie operacji na zdjciach. Inaczej nie dam rady pom贸c."}

[2025-06-03T00:30:29.191Z] processOnceImage result: {"status":"OK","imageUrl":"IMG_1443_FT12.PNG","centralaResponse":"Suchaj... musisz mi dostarczyrysopis Barbary, albo poprosimnie o wykonanie operacji na zdjciach. Inaczej nie dam rady pom贸c."}

[2025-06-03T00:30:29.191Z] Successfully processed image: IMG_1443_FT12.PNG

[2025-06-03T00:30:29.191Z] Processing attempt 1 for image: IMG_1444-small.PNG

[2025-06-03T00:30:29.191Z] message message to: {"status":"","imageUrl":"IMG_1444-small.PNG","centralaResponse":"IMG_1444-small.PNG"}

[2025-06-03T00:30:29.191Z] downloadFile downloadFile downloadFile: https://centrala.ag3nts.org/dane/barbara/IMG_1444-small.PNG

[2025-06-03T00:30:31.673Z] Sending command to centrala: OK IMG_1444-small.PNG

[2025-06-03T00:30:31.731Z] Centrala response (command): {"code":-345,"message":"Suchaj... musisz mi dostarczyrysopis Barbary, albo poprosimnie o wykonanie operacji na zdjciach. Inaczej nie dam rady pom贸c."}

[2025-06-03T00:30:31.731Z] processOnceImage result: {"status":"OK","imageUrl":"IMG_1444-small.PNG","centralaResponse":"Suchaj... musisz mi dostarczyrysopis Barbary, albo poprosimnie o wykonanie operacji na zdjciach. Inaczej nie dam rady pom贸c."}

[2025-06-03T00:30:31.731Z] Successfully processed image: IMG_1444-small.PNG

[2025-06-03T00:30:31.731Z] Successfully processed images: ["Suchaj... musisz mi dostarczyrysopis Barbary, albo poprosimnie o wykonanie operacji na zdjciach. Inaczej nie dam rady pom贸c.","Suchaj... musisz mi dostarczyrysopis Barbary, albo poprosimnie o wykonanie operacji na zdjciach. Inaczej nie dam rady pom贸c.","Suchaj... musisz mi dostarczyrysopis Barbary, albo poprosimnie o wykonanie operacji na zdjciach. Inaczej nie dam rady pom贸c."]
