Log file created at 2025-06-03T00:35:29.923Z
--------------------------------------------
[2025-06-03T00:35:29.923Z] Centrala response (loaded): "Siemano! Powiedzieli Ci, 偶e mam fotki. No mam! Oto one: https://centrala.ag3nts.org/dane/barbara/IMG_559.PNG https://centrala.ag3nts.org/dane/barbara/IMG_1410.PNG https://centrala.ag3nts.org/dane/barbara/IMG_1443.PNG https://centrala.ag3nts.org/dane/barbara/IMG_1444.PNG. Pamitaj, 偶e zawsze mogpoprawije dla Ciebie (polecenia: REPAIR/DARKEN/BRIGHTEN)."

[2025-06-03T00:35:29.926Z] Processing attempt 1 for image: IMG_559.PNG

[2025-06-03T00:35:29.926Z] message message to: {"status":"","imageUrl":"IMG_559.PNG","centralaResponse":"IMG_559.PNG"}

[2025-06-03T00:35:29.926Z] downloadFile downloadFile downloadFile: https://centrala.ag3nts.org/dane/barbara/IMG_559.PNG

[2025-06-03T00:35:32.634Z] Sending command to centrala: REPAIR IMG_559.PNG

[2025-06-03T00:35:32.747Z] Centrala response (command): {"code":0,"message":"Si robi! Czekaj... czekaj... o! Usunem uszkodzenia. Prosz: IMG_559_FGR4.PNG"}

[2025-06-03T00:35:32.747Z] processOnceImage result: {"status":"REPAIR","imageUrl":"IMG_559.PNG","centralaResponse":"Si robi! Czekaj... czekaj... o! Usunem uszkodzenia. Prosz: IMG_559_FGR4.PNG"}

[2025-06-03T00:35:32.747Z] 

[2025-06-03T00:35:32.747Z] Processing attempt 2 for image: IMG_559.PNG

[2025-06-03T00:35:32.747Z] message message to: {"status":"REPAIR","imageUrl":"IMG_559.PNG","centralaResponse":"Si robi! Czekaj... czekaj... o! Usunem uszkodzenia. Prosz: IMG_559_FGR4.PNG"}

[2025-06-03T00:35:32.748Z] downloadFile downloadFile downloadFile: https://centrala.ag3nts.org/dane/barbara/IMG_559_FGR4.PNG

[2025-06-03T00:35:35.416Z] Sending command to centrala: REPAIR IMG_559_FGR4.PNG

[2025-06-03T00:35:35.478Z] Centrala response (command): {"code":0,"message":"Co tu si... no nie... to nie wyglda dobrze. Spr贸buj czego innego."}

[2025-06-03T00:35:35.479Z] processOnceImage result: {"status":"REPAIR","imageUrl":"IMG_559_FGR4.PNG","centralaResponse":"Co tu si... no nie... to nie wyglda dobrze. Spr贸buj czego innego."}

[2025-06-03T00:35:35.479Z] 

[2025-06-03T00:35:35.479Z] Processing attempt 3 for image: IMG_559_FGR4.PNG

[2025-06-03T00:35:35.479Z] message message to: {"status":"REPAIR","imageUrl":"IMG_559_FGR4.PNG","centralaResponse":"Co tu si... no nie... to nie wyglda dobrze. Spr贸buj czego innego."}

[2025-06-03T00:35:35.479Z] {"message":"Co tu si... no nie... to nie wyglda dobrze. Spr贸buj czego innego.","fallbackUrl":"IMG_559_FGR4.PNG"}

 No image filename found in message @!#@!#!@#!@#!@#, using IMG_559_FGR4.PNG

[2025-06-03T00:35:35.479Z] downloadFile downloadFile downloadFile: https://centrala.ag3nts.org/dane/barbara/IMG_559_FGR4.PNG

[2025-06-03T00:35:39.182Z] Sending command to centrala: DARKEN IMG_559_FGR4.PNG

[2025-06-03T00:35:39.239Z] Centrala response (command): {"code":0,"message":"Noooo! Teraz to wyglda naprawd dobrze. Mamy j! IMG_559_NRR7.PNG"}

[2025-06-03T00:35:39.239Z] processOnceImage result: {"status":"DARKEN","imageUrl":"IMG_559_FGR4.PNG","centralaResponse":"Noooo! Teraz to wyglda naprawd dobrze. Mamy j! IMG_559_NRR7.PNG"}

[2025-06-03T00:35:39.239Z] 

[2025-06-03T00:35:39.239Z] Processing attempt 4 for image: IMG_559_FGR4.PNG

[2025-06-03T00:35:39.239Z] message message to: {"status":"DARKEN","imageUrl":"IMG_559_FGR4.PNG","centralaResponse":"Noooo! Teraz to wyglda naprawd dobrze. Mamy j! IMG_559_NRR7.PNG"}

[2025-06-03T00:35:39.239Z] downloadFile downloadFile downloadFile: https://centrala.ag3nts.org/dane/barbara/IMG_559_NRR7.PNG

[2025-06-03T00:35:43.456Z] Sending command to centrala: OK IMG_559_NRR7.PNG

[2025-06-03T00:35:43.568Z] Centrala response (command): {"code":-345,"message":"Suchaj... musisz mi dostarczyrysopis Barbary, albo poprosimnie o wykonanie operacji na zdjciach. Inaczej nie dam rady pom贸c."}

[2025-06-03T00:35:43.568Z] processOnceImage result: {"status":"OK","imageUrl":"IMG_559_NRR7.PNG","centralaResponse":"Suchaj... musisz mi dostarczyrysopis Barbary, albo poprosimnie o wykonanie operacji na zdjciach. Inaczej nie dam rady pom贸c."}

[2025-06-03T00:35:43.568Z] Successfully processed image: IMG_559_NRR7.PNG

[2025-06-03T00:35:43.568Z] Processing attempt 1 for image: IMG_1410.PNG

[2025-06-03T00:35:43.568Z] message message to: {"status":"","imageUrl":"IMG_1410.PNG","centralaResponse":"IMG_1410.PNG"}

[2025-06-03T00:35:43.568Z] downloadFile downloadFile downloadFile: https://centrala.ag3nts.org/dane/barbara/IMG_1410.PNG

[2025-06-03T00:35:47.156Z] Sending command to centrala: BRIGHTEN IMG_1410.PNG

[2025-06-03T00:35:47.216Z] Centrala response (command): {"code":0,"message":"NO! Teraz widatwarze i wosy. To by dobry pomys! https://centrala.ag3nts.org/dane/barbara/IMG_1410_FXER.PNG"}

[2025-06-03T00:35:47.216Z] processOnceImage result: {"status":"BRIGHTEN","imageUrl":"IMG_1410.PNG","centralaResponse":"NO! Teraz widatwarze i wosy. To by dobry pomys! https://centrala.ag3nts.org/dane/barbara/IMG_1410_FXER.PNG"}

[2025-06-03T00:35:47.216Z] 

[2025-06-03T00:35:47.216Z] Processing attempt 2 for image: IMG_1410.PNG

[2025-06-03T00:35:47.216Z] message message to: {"status":"BRIGHTEN","imageUrl":"IMG_1410.PNG","centralaResponse":"NO! Teraz widatwarze i wosy. To by dobry pomys! https://centrala.ag3nts.org/dane/barbara/IMG_1410_FXER.PNG"}

[2025-06-03T00:35:47.216Z] downloadFile downloadFile downloadFile: https://centrala.ag3nts.org/dane/barbara/https://centrala.ag3nts.org/dane/barbara/IMG_1410_FXER.PNG

 Error in processOnceImage --- Failed to download file: Not Found

 Error processing image IMG_1410.PNG: --- Failed to download file: Not Found

[2025-06-03T00:35:47.292Z] Processing attempt 1 for image: IMG_1443.PNG

[2025-06-03T00:35:47.292Z] message message to: {"status":"","imageUrl":"IMG_1443.PNG","centralaResponse":"IMG_1443.PNG"}

[2025-06-03T00:35:47.292Z] downloadFile downloadFile downloadFile: https://centrala.ag3nts.org/dane/barbara/IMG_1443.PNG

[2025-06-03T00:35:52.606Z] Sending command to centrala: REPAIR IMG_1443.PNG

[2025-06-03T00:35:52.669Z] Centrala response (command): {"code":0,"message":"Pyk, pyk, pyk, pytk jako tako i fajrant! Daem z siebie cae 30% - prosz: IMG_1443_FT12.PNG"}

[2025-06-03T00:35:52.669Z] processOnceImage result: {"status":"REPAIR","imageUrl":"IMG_1443.PNG","centralaResponse":"Pyk, pyk, pyk, pytk jako tako i fajrant! Daem z siebie cae 30% - prosz: IMG_1443_FT12.PNG"}

[2025-06-03T00:35:52.670Z] 

[2025-06-03T00:35:52.670Z] Processing attempt 2 for image: IMG_1443.PNG

[2025-06-03T00:35:52.670Z] message message to: {"status":"REPAIR","imageUrl":"IMG_1443.PNG","centralaResponse":"Pyk, pyk, pyk, pytk jako tako i fajrant! Daem z siebie cae 30% - prosz: IMG_1443_FT12.PNG"}

[2025-06-03T00:35:52.670Z] downloadFile downloadFile downloadFile: https://centrala.ag3nts.org/dane/barbara/IMG_1443_FT12.PNG

[2025-06-03T00:35:56.535Z] Sending command to centrala: OK IMG_1443_FT12.PNG

[2025-06-03T00:35:56.582Z] Centrala response (command): {"code":-345,"message":"Suchaj... musisz mi dostarczyrysopis Barbary, albo poprosimnie o wykonanie operacji na zdjciach. Inaczej nie dam rady pom贸c."}

[2025-06-03T00:35:56.583Z] processOnceImage result: {"status":"OK","imageUrl":"IMG_1443_FT12.PNG","centralaResponse":"Suchaj... musisz mi dostarczyrysopis Barbary, albo poprosimnie o wykonanie operacji na zdjciach. Inaczej nie dam rady pom贸c."}

[2025-06-03T00:35:56.583Z] Successfully processed image: IMG_1443_FT12.PNG

[2025-06-03T00:35:56.583Z] Processing attempt 1 for image: IMG_1444.PNG

[2025-06-03T00:35:56.583Z] message message to: {"status":"","imageUrl":"IMG_1444.PNG","centralaResponse":"IMG_1444.PNG"}

[2025-06-03T00:35:56.583Z] downloadFile downloadFile downloadFile: https://centrala.ag3nts.org/dane/barbara/IMG_1444.PNG

[2025-06-03T00:36:00.631Z] Sending command to centrala: OK IMG_1444.PNG

[2025-06-03T00:36:00.689Z] Centrala response (command): {"code":-345,"message":"Suchaj... musisz mi dostarczyrysopis Barbary, albo poprosimnie o wykonanie operacji na zdjciach. Inaczej nie dam rady pom贸c."}

[2025-06-03T00:36:00.689Z] processOnceImage result: {"status":"OK","imageUrl":"IMG_1444.PNG","centralaResponse":"Suchaj... musisz mi dostarczyrysopis Barbary, albo poprosimnie o wykonanie operacji na zdjciach. Inaczej nie dam rady pom贸c."}

[2025-06-03T00:36:00.689Z] Successfully processed image: IMG_1444.PNG

[2025-06-03T00:36:00.689Z] Successfully processed images: ["{\"status\":\"OK\",\"imageUrl\":\"IMG_559_NRR7.PNG\",\"centralaResponse\":\"Suchaj... musisz mi dostarczyrysopis Barbary, albo poprosimnie o wykonanie operacji na zdjciach. Inaczej nie dam rady pom贸c.\"}","{\"status\":\"OK\",\"imageUrl\":\"IMG_1443_FT12.PNG\",\"centralaResponse\":\"Suchaj... musisz mi dostarczyrysopis Barbary, albo poprosimnie o wykonanie operacji na zdjciach. Inaczej nie dam rady pom贸c.\"}","{\"status\":\"OK\",\"imageUrl\":\"IMG_1444.PNG\",\"centralaResponse\":\"Suchaj... musisz mi dostarczyrysopis Barbary, albo poprosimnie o wykonanie operacji na zdjciach. Inaczej nie dam rady pom贸c.\"}"]
