Log file created at 2025-06-03T00:19:59.607Z
--------------------------------------------
[2025-06-03T00:19:59.607Z] Centrala response (loaded): "Siemano! Powiedzieli Ci, że mam fotki. No mam! Oto one: https://centrala.ag3nts.org/dane/barbara/IMG_559.PNG https://centrala.ag3nts.org/dane/barbara/IMG_1410.PNG https://centrala.ag3nts.org/dane/barbara/IMG_1443.PNG https://centrala.ag3nts.org/dane/barbara/IMG_1444.PNG. Pamiętaj, że zawsze mogę poprawić je dla Ciebie (polecenia: REPAIR/DARKEN/BRIGHTEN)."

[2025-06-03T00:19:59.610Z] Processing attempt 1 for image: IMG_559-small.PNG

[2025-06-03T00:19:59.611Z] message message to: [object Object]

[2025-06-03T00:19:59.611Z] downloadFile downloadFile downloadFile: https://centrala.ag3nts.org/dane/barbara/small.PNG

🚨 Error in processOnceImage --- Failed to download file: Not Found

🚨 Error processing image IMG_559-small.PNG: --- Failed to download file: Not Found

[2025-06-03T00:19:59.705Z] Processing attempt 1 for image: IMG_1410-small.PNG

[2025-06-03T00:19:59.705Z] message message to: [object Object]

[2025-06-03T00:19:59.705Z] downloadFile downloadFile downloadFile: https://centrala.ag3nts.org/dane/barbara/small.PNG

🚨 Error in processOnceImage --- Failed to download file: Not Found

🚨 Error processing image IMG_1410-small.PNG: --- Failed to download file: Not Found

[2025-06-03T00:19:59.730Z] Processing attempt 1 for image: IMG_1443-small.PNG

[2025-06-03T00:19:59.730Z] message message to: [object Object]

[2025-06-03T00:19:59.731Z] downloadFile downloadFile downloadFile: https://centrala.ag3nts.org/dane/barbara/small.PNG

🚨 Error in processOnceImage --- Failed to download file: Not Found

🚨 Error processing image IMG_1443-small.PNG: --- Failed to download file: Not Found

[2025-06-03T00:19:59.752Z] Processing attempt 1 for image: IMG_1444-small.PNG

[2025-06-03T00:19:59.752Z] message message to: [object Object]

[2025-06-03T00:19:59.752Z] downloadFile downloadFile downloadFile: https://centrala.ag3nts.org/dane/barbara/small.PNG

🚨 Error in processOnceImage --- Failed to download file: Not Found

🚨 Error processing image IMG_1444-small.PNG: --- Failed to download file: Not Found

[2025-06-03T00:19:59.772Z] Successfully processed images: []
