Log file created at 2025-06-02T23:52:45.803Z
--------------------------------------------
[2025-06-02T23:52:45.803Z] Centrala response (loaded): "Suchaj! mam dla Ciebie fotki o kt贸re prosie. https://centrala.ag3nts.org/dane/barbara/IMG_559.PNG https://centrala.ag3nts.org/dane/barbara/IMG_1410.PNG https://centrala.ag3nts.org/dane/barbara/IMG_1443.PNG https://centrala.ag3nts.org/dane/barbara/IMG_1444.PNG. Pamitaj, 偶e zawsze mogpoprawije dla Ciebie (polecenia: REPAIR/DARKEN/BRIGHTEN)."

[2025-06-02T23:52:45.805Z] Processing attempt 1 for image: IMG_559.PNG

[2025-06-02T23:52:45.806Z] message message to: IMG_559.PNG

[2025-06-02T23:52:49.454Z] Sending command to centrala: REPAIR IMG_559.PNG

[2025-06-02T23:52:49.575Z] Centrala response (command): {"code":0,"message":"Si robi! Czekaj... czekaj... o! Usunem uszkodzenia. Prosz: IMG_559_FGR4.PNG"}

[2025-06-02T23:52:49.575Z] 

[2025-06-02T23:52:49.575Z] Processing attempt 2 for image: IMG_559.PNG

[2025-06-02T23:52:49.575Z] message message to: Si robi! Czekaj... czekaj... o! Usunem uszkodzenia. Prosz: IMG_559_FGR4.PNG

[2025-06-02T23:52:51.883Z] Sending command to centrala: REPAIR IMG_559_FGR4.PNG

[2025-06-02T23:52:51.993Z] Centrala response (command): {"code":0,"message":"No ja nie wiem... tak patrz na to foto i mi si nie wydaje, aby ta operacja miaa sens. Mo偶e spr贸bujesz czego innego?"}

[2025-06-02T23:52:51.993Z] 

[2025-06-02T23:52:51.993Z] Processing attempt 3 for image: IMG_559_FGR4.PNG

[2025-06-02T23:52:51.993Z] message message to: No ja nie wiem... tak patrz na to foto i mi si nie wydaje, aby ta operacja miaa sens. Mo偶e spr贸bujesz czego innego?

 Error in processOnceImage --- null is not an object (evaluating 'matches[0] = result.imageUrl')

 Error processing image IMG_559.PNG: --- null is not an object (evaluating 'matches[0] = result.imageUrl')

[2025-06-02T23:52:51.993Z] Processing attempt 1 for image: IMG_1410.PNG

[2025-06-02T23:52:51.993Z] message message to: IMG_1410.PNG

[2025-06-02T23:52:54.721Z] Sending command to centrala: REPAIR IMG_1410.PNG

[2025-06-02T23:52:54.792Z] Centrala response (command): {"code":0,"message":"Jest 藕le. Bardzo 藕le. Ta operacja nic nam nie daa. Nie wydoby nowych szczeg贸贸w, a mo偶e nawet popsua zdjcie"}

[2025-06-02T23:52:54.792Z] 

[2025-06-02T23:52:54.792Z] Processing attempt 2 for image: IMG_1410.PNG

[2025-06-02T23:52:54.792Z] message message to: Jest 藕le. Bardzo 藕le. Ta operacja nic nam nie daa. Nie wydoby nowych szczeg贸贸w, a mo偶e nawet popsua zdjcie

 Error in processOnceImage --- null is not an object (evaluating 'matches[0] = result.imageUrl')

 Error processing image IMG_1410.PNG: --- null is not an object (evaluating 'matches[0] = result.imageUrl')

[2025-06-02T23:52:54.792Z] Processing attempt 1 for image: IMG_1443.PNG

[2025-06-02T23:52:54.792Z] message message to: IMG_1443.PNG

[2025-06-02T23:52:58.014Z] Sending command to centrala: OK IMG_1443.PNG

[2025-06-02T23:52:58.073Z] Centrala response (command): {"code":-345,"message":"Suchaj... musisz mi dostarczyrysopis Barbary, albo poprosimnie o wykonanie operacji na zdjciach. Inaczej nie dam rady pom贸c."}

[2025-06-02T23:52:58.073Z] 

[2025-06-02T23:52:58.074Z] Processing attempt 2 for image: IMG_1443.PNG

[2025-06-02T23:52:58.074Z] message message to: Suchaj... musisz mi dostarczyrysopis Barbary, albo poprosimnie o wykonanie operacji na zdjciach. Inaczej nie dam rady pom贸c.

 Error in processOnceImage --- null is not an object (evaluating 'matches[0] = result.imageUrl')

 Error processing image IMG_1443.PNG: --- null is not an object (evaluating 'matches[0] = result.imageUrl')

[2025-06-02T23:52:58.074Z] Processing attempt 1 for image: IMG_1444.PNG

[2025-06-02T23:52:58.074Z] message message to: IMG_1444.PNG

[2025-06-02T23:53:02.797Z] Sending command to centrala: OK IMG_1444.PNG

[2025-06-02T23:53:02.859Z] Centrala response (command): {"code":-345,"message":"Suchaj... musisz mi dostarczyrysopis Barbary, albo poprosimnie o wykonanie operacji na zdjciach. Inaczej nie dam rady pom贸c."}

[2025-06-02T23:53:02.859Z] 

[2025-06-02T23:53:02.859Z] Processing attempt 2 for image: IMG_1444.PNG

[2025-06-02T23:53:02.859Z] message message to: Suchaj... musisz mi dostarczyrysopis Barbary, albo poprosimnie o wykonanie operacji na zdjciach. Inaczej nie dam rady pom贸c.

 Error in processOnceImage --- null is not an object (evaluating 'matches[0] = result.imageUrl')

 Error processing image IMG_1444.PNG: --- null is not an object (evaluating 'matches[0] = result.imageUrl')

[2025-06-02T23:53:02.859Z] Successfully processed images: []
