Log file created at 2025-06-03T01:06:08.398Z
--------------------------------------------
[2025-06-03T01:06:08.398Z] Centrala response (loaded): "Siemano! Powiedzieli Ci, 偶e mam fotki. No mam! Oto one: https://centrala.ag3nts.org/dane/barbara/IMG_559.PNG https://centrala.ag3nts.org/dane/barbara/IMG_1410.PNG https://centrala.ag3nts.org/dane/barbara/IMG_1443.PNG https://centrala.ag3nts.org/dane/barbara/IMG_1444.PNG. Pamitaj, 偶e zawsze mogpoprawije dla Ciebie (polecenia: REPAIR/DARKEN/BRIGHTEN)."

[2025-06-03T01:06:08.400Z] Processing attempt 1 for image: IMG_559.PNG

[2025-06-03T01:06:08.401Z] message message to: {"status":"","imageUrl":"IMG_559.PNG","centralaResponse":"IMG_559.PNG"}

[2025-06-03T01:06:08.401Z] {"message":"IMG_559.PNG","fallbackUrl":"IMG_559.PNG"}

 No image filename found in message @!#@!#!@#!@#!@#, using IMG_559.PNG

[2025-06-03T01:06:08.401Z] downloadFile downloadFile downloadFile: https://centrala.ag3nts.org/dane/barbara/IMG_559.PNG

[2025-06-03T01:06:12.544Z] Sending command to centrala: REPAIR IMG_559.PNG

[2025-06-03T01:06:12.695Z] Centrala response (command): {"code":0,"message":"Si robi! Czekaj... czekaj... o! Usunem uszkodzenia. Prosz: IMG_559_FGR4.PNG"}

[2025-06-03T01:06:12.695Z] processOnceImage result: {"status":"REPAIR","imageUrl":"IMG_559.PNG","centralaResponse":"Si robi! Czekaj... czekaj... o! Usunem uszkodzenia. Prosz: IMG_559_FGR4.PNG"}

[2025-06-03T01:06:12.695Z] 

[2025-06-03T01:06:12.695Z] Processing attempt 2 for image: IMG_559.PNG

[2025-06-03T01:06:12.695Z] message message to: {"status":"REPAIR","imageUrl":"IMG_559.PNG","centralaResponse":"Si robi! Czekaj... czekaj... o! Usunem uszkodzenia. Prosz: IMG_559_FGR4.PNG"}

[2025-06-03T01:06:12.695Z] downloadFile downloadFile downloadFile: https://centrala.ag3nts.org/dane/barbara/IMG_559_FGR4.PNG

[2025-06-03T01:06:16.654Z] Sending command to centrala: REPAIR IMG_559_FGR4.PNG

[2025-06-03T01:06:16.713Z] Centrala response (command): {"code":0,"message":"Jest 藕le. Bardzo 藕le. Ta operacja nic nam nie daa. Nie wydoby nowych szczeg贸贸w, a mo偶e nawet popsua zdjcie"}

[2025-06-03T01:06:16.713Z] processOnceImage result: {"status":"REPAIR","imageUrl":"IMG_559_FGR4.PNG","centralaResponse":"Jest 藕le. Bardzo 藕le. Ta operacja nic nam nie daa. Nie wydoby nowych szczeg贸贸w, a mo偶e nawet popsua zdjcie"}

[2025-06-03T01:06:16.713Z] 

[2025-06-03T01:06:16.713Z] Processing attempt 3 for image: IMG_559_FGR4.PNG

[2025-06-03T01:06:16.713Z] message message to: {"status":"REPAIR","imageUrl":"IMG_559_FGR4.PNG","centralaResponse":"Jest 藕le. Bardzo 藕le. Ta operacja nic nam nie daa. Nie wydoby nowych szczeg贸贸w, a mo偶e nawet popsua zdjcie"}

[2025-06-03T01:06:16.713Z] {"message":"Jest 藕le. Bardzo 藕le. Ta operacja nic nam nie daa. Nie wydoby nowych szczeg贸贸w, a mo偶e nawet popsua zdjcie","fallbackUrl":"IMG_559_FGR4.PNG"}

 No image filename found in message @!#@!#!@#!@#!@#, using IMG_559_FGR4.PNG

[2025-06-03T01:06:16.713Z] downloadFile downloadFile downloadFile: https://centrala.ag3nts.org/dane/barbara/IMG_559_FGR4.PNG

[2025-06-03T01:06:20.389Z] Sending command to centrala: DARKEN IMG_559_FGR4.PNG

[2025-06-03T01:06:20.452Z] Centrala response (command): {"code":0,"message":"Noooo! Teraz to wyglda naprawd dobrze. Mamy j! IMG_559_NRR7.PNG"}

[2025-06-03T01:06:20.452Z] processOnceImage result: {"status":"DARKEN","imageUrl":"IMG_559_FGR4.PNG","centralaResponse":"Noooo! Teraz to wyglda naprawd dobrze. Mamy j! IMG_559_NRR7.PNG"}

[2025-06-03T01:06:20.452Z] 

[2025-06-03T01:06:20.453Z] Processing attempt 4 for image: IMG_559_FGR4.PNG

[2025-06-03T01:06:20.453Z] message message to: {"status":"DARKEN","imageUrl":"IMG_559_FGR4.PNG","centralaResponse":"Noooo! Teraz to wyglda naprawd dobrze. Mamy j! IMG_559_NRR7.PNG"}

[2025-06-03T01:06:20.453Z] downloadFile downloadFile downloadFile: https://centrala.ag3nts.org/dane/barbara/IMG_559_NRR7.PNG

[2025-06-03T01:06:26.328Z] Sending command to centrala: OK IMG_559_NRR7.PNG

[2025-06-03T01:06:26.392Z] Centrala response (command): {"code":-345,"message":"Suchaj... musisz mi dostarczyrysopis Barbary, albo poprosimnie o wykonanie operacji na zdjciach. Inaczej nie dam rady pom贸c."}

[2025-06-03T01:06:26.392Z] processOnceImage result: {"status":"OK","imageUrl":"IMG_559_NRR7.PNG","centralaResponse":"Suchaj... musisz mi dostarczyrysopis Barbary, albo poprosimnie o wykonanie operacji na zdjciach. Inaczej nie dam rady pom贸c."}

[2025-06-03T01:06:26.393Z] Successfully processed image: IMG_559_NRR7.PNG

[2025-06-03T01:06:26.393Z] Processing attempt 1 for image: IMG_1410.PNG

[2025-06-03T01:06:26.393Z] message message to: {"status":"","imageUrl":"IMG_1410.PNG","centralaResponse":"IMG_1410.PNG"}

[2025-06-03T01:06:26.393Z] {"message":"IMG_1410.PNG","fallbackUrl":"IMG_1410.PNG"}

 No image filename found in message @!#@!#!@#!@#!@#, using IMG_1410.PNG

[2025-06-03T01:06:26.393Z] downloadFile downloadFile downloadFile: https://centrala.ag3nts.org/dane/barbara/IMG_1410.PNG

[2025-06-03T01:06:28.961Z] Sending command to centrala: BRIGHTEN IMG_1410.PNG

[2025-06-03T01:06:29.019Z] Centrala response (command): {"code":0,"message":"NO! Teraz widatwarze i wosy. To by dobry pomys! https://centrala.ag3nts.org/dane/barbara/IMG_1410_FXER.PNG"}

[2025-06-03T01:06:29.019Z] processOnceImage result: {"status":"BRIGHTEN","imageUrl":"IMG_1410.PNG","centralaResponse":"NO! Teraz widatwarze i wosy. To by dobry pomys! https://centrala.ag3nts.org/dane/barbara/IMG_1410_FXER.PNG"}

[2025-06-03T01:06:29.020Z] 

[2025-06-03T01:06:29.020Z] Processing attempt 2 for image: IMG_1410.PNG

[2025-06-03T01:06:29.020Z] message message to: {"status":"BRIGHTEN","imageUrl":"IMG_1410.PNG","centralaResponse":"NO! Teraz widatwarze i wosy. To by dobry pomys! https://centrala.ag3nts.org/dane/barbara/IMG_1410_FXER.PNG"}

[2025-06-03T01:06:29.020Z] downloadFile downloadFile downloadFile: https://centrala.ag3nts.org/dane/barbara/IMG_1410_FXER.PNG

[2025-06-03T01:06:37.275Z] Sending command to centrala: OK IMG_1410_FXER.PNG

[2025-06-03T01:06:37.339Z] Centrala response (command): {"code":-345,"message":"Suchaj... musisz mi dostarczyrysopis Barbary, albo poprosimnie o wykonanie operacji na zdjciach. Inaczej nie dam rady pom贸c."}

[2025-06-03T01:06:37.339Z] processOnceImage result: {"status":"OK","imageUrl":"IMG_1410_FXER.PNG","centralaResponse":"Suchaj... musisz mi dostarczyrysopis Barbary, albo poprosimnie o wykonanie operacji na zdjciach. Inaczej nie dam rady pom贸c."}

[2025-06-03T01:06:37.339Z] Successfully processed image: IMG_1410_FXER.PNG

[2025-06-03T01:06:37.339Z] Processing attempt 1 for image: IMG_1443.PNG

[2025-06-03T01:06:37.339Z] message message to: {"status":"","imageUrl":"IMG_1443.PNG","centralaResponse":"IMG_1443.PNG"}

[2025-06-03T01:06:37.339Z] {"message":"IMG_1443.PNG","fallbackUrl":"IMG_1443.PNG"}

[2025-06-03T01:06:37.339Z] downloadFile downloadFile downloadFile: https://centrala.ag3nts.org/dane/barbara/IMG_1443.PNG

 No image filename found in message @!#@!#!@#!@#!@#, using IMG_1443.PNG

[2025-06-03T01:06:48.744Z] Sending command to centrala: REPAIR IMG_1443.PNG

[2025-06-03T01:06:48.817Z] Centrala response (command): {"code":0,"message":"Pyk, pyk, pyk, pytk jako tako i fajrant! Daem z siebie cae 30% - prosz: IMG_1443_FT12.PNG"}

[2025-06-03T01:06:48.817Z] processOnceImage result: {"status":"REPAIR","imageUrl":"IMG_1443.PNG","centralaResponse":"Pyk, pyk, pyk, pytk jako tako i fajrant! Daem z siebie cae 30% - prosz: IMG_1443_FT12.PNG"}

[2025-06-03T01:06:48.817Z] 

[2025-06-03T01:06:48.817Z] Processing attempt 2 for image: IMG_1443.PNG

[2025-06-03T01:06:48.818Z] message message to: {"status":"REPAIR","imageUrl":"IMG_1443.PNG","centralaResponse":"Pyk, pyk, pyk, pytk jako tako i fajrant! Daem z siebie cae 30% - prosz: IMG_1443_FT12.PNG"}

[2025-06-03T01:06:48.818Z] downloadFile downloadFile downloadFile: https://centrala.ag3nts.org/dane/barbara/IMG_1443_FT12.PNG

[2025-06-03T01:06:52.974Z] Sending command to centrala: OK IMG_1443_FT12.PNG

[2025-06-03T01:06:53.020Z] Centrala response (command): {"code":-345,"message":"Suchaj... musisz mi dostarczyrysopis Barbary, albo poprosimnie o wykonanie operacji na zdjciach. Inaczej nie dam rady pom贸c."}

[2025-06-03T01:06:53.020Z] processOnceImage result: {"status":"OK","imageUrl":"IMG_1443_FT12.PNG","centralaResponse":"Suchaj... musisz mi dostarczyrysopis Barbary, albo poprosimnie o wykonanie operacji na zdjciach. Inaczej nie dam rady pom贸c."}

[2025-06-03T01:06:53.020Z] Successfully processed image: IMG_1443_FT12.PNG

[2025-06-03T01:06:53.020Z] Processing attempt 1 for image: IMG_1444.PNG

[2025-06-03T01:06:53.020Z] message message to: {"status":"","imageUrl":"IMG_1444.PNG","centralaResponse":"IMG_1444.PNG"}

[2025-06-03T01:06:53.020Z] {"message":"IMG_1444.PNG","fallbackUrl":"IMG_1444.PNG"}

 No image filename found in message @!#@!#!@#!@#!@#, using IMG_1444.PNG

[2025-06-03T01:06:53.020Z] downloadFile downloadFile downloadFile: https://centrala.ag3nts.org/dane/barbara/IMG_1444.PNG

[2025-06-03T01:06:56.735Z] Sending command to centrala: OK IMG_1444.PNG

[2025-06-03T01:06:56.791Z] Centrala response (command): {"code":-345,"message":"Suchaj... musisz mi dostarczyrysopis Barbary, albo poprosimnie o wykonanie operacji na zdjciach. Inaczej nie dam rady pom贸c."}

[2025-06-03T01:06:56.792Z] processOnceImage result: {"status":"OK","imageUrl":"IMG_1444.PNG","centralaResponse":"Suchaj... musisz mi dostarczyrysopis Barbary, albo poprosimnie o wykonanie operacji na zdjciach. Inaczej nie dam rady pom贸c."}

[2025-06-03T01:06:56.792Z] Successfully processed image: IMG_1444.PNG

[2025-06-03T01:06:56.792Z] Successfully processed images: ["{\"status\":\"OK\",\"imageUrl\":\"IMG_559_NRR7.PNG\",\"centralaResponse\":\"Suchaj... musisz mi dostarczyrysopis Barbary, albo poprosimnie o wykonanie operacji na zdjciach. Inaczej nie dam rady pom贸c.\"}","{\"status\":\"OK\",\"imageUrl\":\"IMG_1410_FXER.PNG\",\"centralaResponse\":\"Suchaj... musisz mi dostarczyrysopis Barbary, albo poprosimnie o wykonanie operacji na zdjciach. Inaczej nie dam rady pom贸c.\"}","{\"status\":\"OK\",\"imageUrl\":\"IMG_1443_FT12.PNG\",\"centralaResponse\":\"Suchaj... musisz mi dostarczyrysopis Barbary, albo poprosimnie o wykonanie operacji na zdjciach. Inaczej nie dam rady pom贸c.\"}","{\"status\":\"OK\",\"imageUrl\":\"IMG_1444.PNG\",\"centralaResponse\":\"Suchaj... musisz mi dostarczyrysopis Barbary, albo poprosimnie o wykonanie operacji na zdjciach. Inaczej nie dam rady pom贸c.\"}"]

[2025-06-03T01:06:56.792Z]  ------ +++++++ SUCCESFULLY EXTRACTED valid images +++++++ _______ 4

[2025-06-03T01:06:56.792Z] Extracted image names: ["IMG_559_NRR7.PNG","IMG_1410_FXER.PNG","IMG_1443_FT12.PNG","IMG_1444.PNG"]

[2025-06-03T01:06:56.792Z] Saved valid images to: /home/artek/Desktop/AI_DEVS_3_RELOADED/AI_DEVS_3/data/S04/images.md

[2025-06-03T01:06:56.793Z] Loaded valid images from: /home/artek/Desktop/AI_DEVS_3_RELOADED/AI_DEVS_3/data/S04/images.md

[2025-06-03T01:07:06.950Z] Generated description for IMG_559_NRR7.PNG: Na zdjciu widzimy kobiet o ciemnych, prostych wosach sigajcych ramion. Jej wosy maj gboki, czarny kolor i s starannie uczesane. Kobieta nosi okulary z ciemnymi oprawkami, kt贸re nadaj jej twarzy intelektualny wygld. Ma jasn karnacj i subtelny makija偶, kt贸ry podkrela naturaln urod.

Jej twarz jest owalna, z wyra藕nie zarysowanymi komi policzkowymi i delikatnie umiechnitymi ustami. Nos jest prosty i proporcjonalny do reszty twarzy. Oczy, za okularami, wydaj si by ciemne i skupione, co nadaje jej powa偶ny wyraz.

Kobieta ma na sobie szary t-shirt, kt贸ry jest prosty i nie zawiera 偶adnych wzor贸w. W doni trzyma kubek, prawdopodobnie papierowy, co sugeruje, 偶e mo偶e pi kaw lub herbat. To jest lekko rozmyte, wskazujc na miejskie otoczenie z elementami zieleni, co nadaje zdjciu spokojny i zrelaksowany nastr贸j.

[2025-06-03T01:07:17.680Z] Generated description for IMG_1410_FXER.PNG: Na zdjciu znajduj si dwie kobiety. 

Pierwsza kobieta, z lewej strony, ma dugie, proste wosy o intensywnej rudoczerwonej barwie. Jej twarz jest owalna, z delikatnymi zmarszczkami wok贸 oczu i ust, co sugeruje dojrzay wiek. Nosi du偶e, prostoktne okulary o ciemnej oprawce, kt贸re podkrelaj jej jasne oczy. Jej sk贸ra jest jasna, a wyraz twarzy spokojny i zamylony. Ubrana jest w szary t-shirt z okrgym dekoltem, a przez rami przewieszony ma ciemny pasek od torby.

Druga kobieta, z prawej strony, ma dugie, proste wosy w kolorze ciemnego brzu lub czerni. Jej twarz r贸wnie偶 jest owalna, z agodnymi rysami i ciemnymi, prostoktnymi okularami. Ma jasn cer i wyraz twarzy, kt贸ry jest skupiony, skierowany w bok. Jej ubranie to r贸wnie偶 szary t-shirt. Obie kobiety wydaj si by w podobnym wieku. 

Zdjcie jest wykonane w tonacji szaro-czarnej, z delikatnym podkreleniem kolor贸w wos贸w pierwszej kobiety, co dodaje mu artystycznego wyrazu.

[2025-06-03T01:07:26.642Z] Generated description for IMG_1443_FT12.PNG: Na zdjciu znajduje si kobieta o dugich, czarnych wosach, kt贸re opadaj prosto. Nosi okulary o grubych, ciemnych oprawkach, kt贸re podkrelaj jej oczy. Jej spojrzenie jest skupione i powa偶ne. Ma jasn cer z delikatnymi zmarszczkami na twarzy. 

Kobieta ubrana jest w szar koszulk z kr贸tkim rkawem. Na jej lewym ramieniu widoczny jest tatua偶 przedstawiajcy czarn mr贸wk. Na nadgarstku nosi ciemn opask, prawdopodobnie smartwatch lub opask fitness. To sugeruje, 偶e znajduje si w siowni lub miejscu zwizanym z wiczeniami fizycznymi.

[2025-06-03T01:07:34.962Z] Generated description for IMG_1444.PNG: Przepraszam, ale nie mog pom贸c w analizie i opisie szczeg贸贸w wygldu os贸b na zdjciach. Mog jednak opisa og贸ln sceneri. 

Na zdjciu wida osob ubran w ciemn, pikowan kurtk i czapk, idc po brukowanej ulicy. Osoba trzyma torb w lewej rce. Ulica jest zatoczona, w tle wida innych przechodni贸w. Po prawej stronie znajduj si sklepy lub stragany, a atmosfera sugeruje zimowy dzie, by mo偶e ze wzgldu na obecno niegu lub lodu na ziemi. wiato wydaje si pochodzi z niskiego soca, tworzc dugie cienie.

[2025-06-03T01:07:41.744Z] Final Barbara description generated

[2025-06-03T01:07:41.744Z] Barbara description: Na podstawie dostpnych opis贸w, mo偶emy stworzy sp贸jny obraz Barbary. Barbara ma ciemne, proste wosy, kt贸re zazwyczaj sigaj jej ramion, cho w niekt贸rych opisach mowa jest o du偶szych wosach. Wosy s zazwyczaj w kolorze czarnym, co jest najczciej powtarzajc si informacj. Barbara nosi okulary z ciemnymi oprawkami, kt贸re nadaj jej twarzy intelektualny wygld. 

Jej twarz ma owalny ksztat, z wyra藕nie zarysowanymi komi policzkowymi i subtelnym umiechem. Ma jasn cer i delikatny makija偶, co podkrela jej naturaln urod. Cechuje j skupione i powa偶ne spojrzenie, prawdopodobnie z ciemnymi oczami. 

Barbara ubiera si zazwyczaj w szary t-shirt, co jest sp贸jne w dw贸ch opisach. Na jednym z opis贸w wspomniany jest tatua偶 na lewym ramieniu przedstawiajcy czarn mr贸wk oraz ciemna opaska na nadgarstku, co mo偶e sugerowa jej zwizki z aktywnoci fizyczn.

Otoczenie, w kt贸rym si znajduje, jest czsto miejskie, czasami z elementami zieleni lub w miejscu zwizanym z wiczeniami fizycznymi. Zdjcie, kt贸re mogo by nie na temat, to opis osoby w ciemnej kurtce i czapce na zimowej ulicy, poniewa偶 nie pasuje do innych opis贸w Barbary.

[2025-06-03T01:07:41.819Z] Final response from centrala: {"code":0,"message":"{{FLG:USEFULCLUE}}"}
