Log file created at 2025-06-02T23:50:02.698Z
--------------------------------------------
[2025-06-02T23:50:02.698Z] Centrala response (loaded): "Suchaj! mam dla Ciebie fotki o kt贸re prosie. https://centrala.ag3nts.org/dane/barbara/IMG_559.PNG https://centrala.ag3nts.org/dane/barbara/IMG_1410.PNG https://centrala.ag3nts.org/dane/barbara/IMG_1443.PNG https://centrala.ag3nts.org/dane/barbara/IMG_1444.PNG. Pamitaj, 偶e zawsze mogpoprawije dla Ciebie (polecenia: REPAIR/DARKEN/BRIGHTEN)."

[2025-06-02T23:50:02.701Z] Processing attempt 1 for image: IMG_559.PNG

[2025-06-02T23:50:02.701Z] message message to: IMG_559.PNG

[2025-06-02T23:50:05.994Z] Sending command to centrala: REPAIR IMG_559.PNG

[2025-06-02T23:50:06.093Z] Centrala response (command): {"code":0,"message":"Si robi! Czekaj... czekaj... o! Usunem uszkodzenia. Prosz: IMG_559_FGR4.PNG"}

[2025-06-02T23:50:06.093Z] Processing attempt 2 for image: IMG_559.PNG

[2025-06-02T23:50:06.093Z] message message to: Si robi! Czekaj... czekaj... o! Usunem uszkodzenia. Prosz: IMG_559_FGR4.PNG

[2025-06-02T23:50:09.834Z] Sending command to centrala: REPAIR IMG_559_FGR4.PNG

[2025-06-02T23:50:09.893Z] Centrala response (command): {"code":0,"message":"Co tu si... no nie... to nie wyglda dobrze. Spr贸buj czego innego."}

[2025-06-02T23:50:09.893Z] Processing attempt 3 for image: IMG_559_FGR4.PNG

[2025-06-02T23:50:09.893Z] message message to: Co tu si... no nie... to nie wyglda dobrze. Spr贸buj czego innego.

 Error in processOnceImage --- null is not an object (evaluating 'matches[0] = result.imageUrl')

 Error processing image IMG_559.PNG: --- null is not an object (evaluating 'matches[0] = result.imageUrl')

[2025-06-02T23:50:09.893Z] Processing attempt 1 for image: IMG_1410.PNG

[2025-06-02T23:50:09.894Z] message message to: IMG_1410.PNG

[2025-06-02T23:50:12.435Z] Sending command to centrala: REPAIR IMG_1410.PNG

[2025-06-02T23:50:12.549Z] Centrala response (command): {"code":0,"message":"No ja nie wiem... tak patrz na to foto i mi si nie wydaje, aby ta operacja miaa sens. Mo偶e spr贸bujesz czego innego?"}

[2025-06-02T23:50:12.549Z] Processing attempt 2 for image: IMG_1410.PNG

[2025-06-02T23:50:12.549Z] message message to: No ja nie wiem... tak patrz na to foto i mi si nie wydaje, aby ta operacja miaa sens. Mo偶e spr贸bujesz czego innego?

 Error in processOnceImage --- null is not an object (evaluating 'matches[0] = result.imageUrl')

 Error processing image IMG_1410.PNG: --- null is not an object (evaluating 'matches[0] = result.imageUrl')

[2025-06-02T23:50:12.549Z] Processing attempt 1 for image: IMG_1443.PNG

[2025-06-02T23:50:12.549Z] message message to: IMG_1443.PNG

[2025-06-02T23:50:18.303Z] Sending command to centrala: OK IMG_1443.PNG

[2025-06-02T23:50:18.350Z] Centrala response (command): {"code":-345,"message":"Suchaj... musisz mi dostarczyrysopis Barbary, albo poprosimnie o wykonanie operacji na zdjciach. Inaczej nie dam rady pom贸c."}

[2025-06-02T23:50:18.350Z] Processing attempt 2 for image: IMG_1443.PNG

[2025-06-02T23:50:18.350Z] message message to: Suchaj... musisz mi dostarczyrysopis Barbary, albo poprosimnie o wykonanie operacji na zdjciach. Inaczej nie dam rady pom贸c.

 Error in processOnceImage --- null is not an object (evaluating 'matches[0] = result.imageUrl')

 Error processing image IMG_1443.PNG: --- null is not an object (evaluating 'matches[0] = result.imageUrl')

[2025-06-02T23:50:18.350Z] Processing attempt 1 for image: IMG_1444.PNG

[2025-06-02T23:50:18.350Z] message message to: IMG_1444.PNG

[2025-06-02T23:50:23.298Z] Sending command to centrala: OK IMG_1444.PNG

[2025-06-02T23:50:23.341Z] Centrala response (command): {"code":-345,"message":"Suchaj... musisz mi dostarczyrysopis Barbary, albo poprosimnie o wykonanie operacji na zdjciach. Inaczej nie dam rady pom贸c."}

[2025-06-02T23:50:23.341Z] Processing attempt 2 for image: IMG_1444.PNG

[2025-06-02T23:50:23.341Z] message message to: Suchaj... musisz mi dostarczyrysopis Barbary, albo poprosimnie o wykonanie operacji na zdjciach. Inaczej nie dam rady pom贸c.

 Error in processOnceImage --- null is not an object (evaluating 'matches[0] = result.imageUrl')

 Error processing image IMG_1444.PNG: --- null is not an object (evaluating 'matches[0] = result.imageUrl')

[2025-06-02T23:50:23.341Z] Successfully processed images: []
