Log file created at 2025-06-03T00:48:28.310Z
--------------------------------------------
[2025-06-03T00:48:28.310Z] Centrala response (loaded): "Siemano! Powiedzieli Ci, 偶e mam fotki. No mam! Oto one: https://centrala.ag3nts.org/dane/barbara/IMG_559.PNG https://centrala.ag3nts.org/dane/barbara/IMG_1410.PNG https://centrala.ag3nts.org/dane/barbara/IMG_1443.PNG https://centrala.ag3nts.org/dane/barbara/IMG_1444.PNG. Pamitaj, 偶e zawsze mogpoprawije dla Ciebie (polecenia: REPAIR/DARKEN/BRIGHTEN)."

[2025-06-03T00:48:28.312Z] Processing attempt 1 for image: IMG_559.PNG

[2025-06-03T00:48:28.313Z] message message to: {"status":"","imageUrl":"IMG_559.PNG","centralaResponse":"IMG_559.PNG"}

[2025-06-03T00:48:28.313Z] {"message":"IMG_559.PNG","fallbackUrl":"IMG_559.PNG"}

 No image filename found in message @!#@!#!@#!@#!@#, using IMG_559.PNG

[2025-06-03T00:48:28.313Z] downloadFile downloadFile downloadFile: https://centrala.ag3nts.org/dane/barbara/IMG_559.PNG

[2025-06-03T00:48:32.798Z] Sending command to centrala: REPAIR IMG_559.PNG

[2025-06-03T00:48:32.951Z] Centrala response (command): {"code":0,"message":"Si robi! Czekaj... czekaj... o! Usunem uszkodzenia. Prosz: IMG_559_FGR4.PNG"}

[2025-06-03T00:48:32.951Z] processOnceImage result: {"status":"REPAIR","imageUrl":"IMG_559.PNG","centralaResponse":"Si robi! Czekaj... czekaj... o! Usunem uszkodzenia. Prosz: IMG_559_FGR4.PNG"}

[2025-06-03T00:48:32.951Z] 

[2025-06-03T00:48:32.951Z] Processing attempt 2 for image: IMG_559.PNG

[2025-06-03T00:48:32.951Z] message message to: {"status":"REPAIR","imageUrl":"IMG_559.PNG","centralaResponse":"Si robi! Czekaj... czekaj... o! Usunem uszkodzenia. Prosz: IMG_559_FGR4.PNG"}

[2025-06-03T00:48:32.952Z] downloadFile downloadFile downloadFile: https://centrala.ag3nts.org/dane/barbara/IMG_559_FGR4.PNG

[2025-06-03T00:48:36.638Z] Sending command to centrala: REPAIR IMG_559_FGR4.PNG

[2025-06-03T00:48:36.707Z] Centrala response (command): {"code":0,"message":"Co tu si... no nie... to nie wyglda dobrze. Spr贸buj czego innego."}

[2025-06-03T00:48:36.707Z] processOnceImage result: {"status":"REPAIR","imageUrl":"IMG_559_FGR4.PNG","centralaResponse":"Co tu si... no nie... to nie wyglda dobrze. Spr贸buj czego innego."}

[2025-06-03T00:48:36.707Z] 

[2025-06-03T00:48:36.707Z] Processing attempt 3 for image: IMG_559_FGR4.PNG

[2025-06-03T00:48:36.707Z] message message to: {"status":"REPAIR","imageUrl":"IMG_559_FGR4.PNG","centralaResponse":"Co tu si... no nie... to nie wyglda dobrze. Spr贸buj czego innego."}

[2025-06-03T00:48:36.707Z] {"message":"Co tu si... no nie... to nie wyglda dobrze. Spr贸buj czego innego.","fallbackUrl":"IMG_559_FGR4.PNG"}

 No image filename found in message @!#@!#!@#!@#!@#, using IMG_559_FGR4.PNG

[2025-06-03T00:48:36.707Z] downloadFile downloadFile downloadFile: https://centrala.ag3nts.org/dane/barbara/IMG_559_FGR4.PNG

[2025-06-03T00:48:39.493Z] Sending command to centrala: DARKEN IMG_559_FGR4.PNG

[2025-06-03T00:48:39.552Z] Centrala response (command): {"code":0,"message":"Noooo! Teraz to wyglda naprawd dobrze. Mamy j! IMG_559_NRR7.PNG"}

[2025-06-03T00:48:39.552Z] processOnceImage result: {"status":"DARKEN","imageUrl":"IMG_559_FGR4.PNG","centralaResponse":"Noooo! Teraz to wyglda naprawd dobrze. Mamy j! IMG_559_NRR7.PNG"}

[2025-06-03T00:48:39.552Z] 

[2025-06-03T00:48:39.552Z] Processing attempt 4 for image: IMG_559_FGR4.PNG

[2025-06-03T00:48:39.552Z] message message to: {"status":"DARKEN","imageUrl":"IMG_559_FGR4.PNG","centralaResponse":"Noooo! Teraz to wyglda naprawd dobrze. Mamy j! IMG_559_NRR7.PNG"}

[2025-06-03T00:48:39.553Z] downloadFile downloadFile downloadFile: https://centrala.ag3nts.org/dane/barbara/IMG_559_NRR7.PNG

[2025-06-03T00:48:55.629Z] Sending command to centrala: OK IMG_559_NRR7.PNG

[2025-06-03T00:48:55.694Z] Centrala response (command): {"code":-345,"message":"Suchaj... musisz mi dostarczyrysopis Barbary, albo poprosimnie o wykonanie operacji na zdjciach. Inaczej nie dam rady pom贸c."}

[2025-06-03T00:48:55.694Z] processOnceImage result: {"status":"OK","imageUrl":"IMG_559_NRR7.PNG","centralaResponse":"Suchaj... musisz mi dostarczyrysopis Barbary, albo poprosimnie o wykonanie operacji na zdjciach. Inaczej nie dam rady pom贸c."}

[2025-06-03T00:48:55.694Z] Successfully processed image: IMG_559_NRR7.PNG

[2025-06-03T00:48:55.694Z] Processing attempt 1 for image: IMG_1410.PNG

[2025-06-03T00:48:55.694Z] message message to: {"status":"","imageUrl":"IMG_1410.PNG","centralaResponse":"IMG_1410.PNG"}

[2025-06-03T00:48:55.694Z] {"message":"IMG_1410.PNG","fallbackUrl":"IMG_1410.PNG"}

 No image filename found in message @!#@!#!@#!@#!@#, using IMG_1410.PNG

[2025-06-03T00:48:55.694Z] downloadFile downloadFile downloadFile: https://centrala.ag3nts.org/dane/barbara/IMG_1410.PNG

[2025-06-03T00:48:58.350Z] Sending command to centrala: BRIGHTEN IMG_1410.PNG

[2025-06-03T00:48:58.473Z] Centrala response (command): {"code":0,"message":"NO! Teraz widatwarze i wosy. To by dobry pomys! https://centrala.ag3nts.org/dane/barbara/IMG_1410_FXER.PNG"}

[2025-06-03T00:48:58.473Z] processOnceImage result: {"status":"BRIGHTEN","imageUrl":"IMG_1410.PNG","centralaResponse":"NO! Teraz widatwarze i wosy. To by dobry pomys! https://centrala.ag3nts.org/dane/barbara/IMG_1410_FXER.PNG"}

[2025-06-03T00:48:58.473Z] 

[2025-06-03T00:48:58.473Z] Processing attempt 2 for image: IMG_1410.PNG

[2025-06-03T00:48:58.473Z] message message to: {"status":"BRIGHTEN","imageUrl":"IMG_1410.PNG","centralaResponse":"NO! Teraz widatwarze i wosy. To by dobry pomys! https://centrala.ag3nts.org/dane/barbara/IMG_1410_FXER.PNG"}

[2025-06-03T00:48:58.473Z] downloadFile downloadFile downloadFile: https://centrala.ag3nts.org/dane/barbara/IMG_1410_FXER.PNG

[2025-06-03T00:49:04.700Z] Sending command to centrala: OK IMG_1410_FXER.PNG

[2025-06-03T00:49:04.797Z] Centrala response (command): {"code":-345,"message":"Suchaj... musisz mi dostarczyrysopis Barbary, albo poprosimnie o wykonanie operacji na zdjciach. Inaczej nie dam rady pom贸c."}

[2025-06-03T00:49:04.797Z] processOnceImage result: {"status":"OK","imageUrl":"IMG_1410_FXER.PNG","centralaResponse":"Suchaj... musisz mi dostarczyrysopis Barbary, albo poprosimnie o wykonanie operacji na zdjciach. Inaczej nie dam rady pom贸c."}

[2025-06-03T00:49:04.797Z] Successfully processed image: IMG_1410_FXER.PNG

[2025-06-03T00:49:04.797Z] Processing attempt 1 for image: IMG_1443.PNG

[2025-06-03T00:49:04.797Z] message message to: {"status":"","imageUrl":"IMG_1443.PNG","centralaResponse":"IMG_1443.PNG"}

[2025-06-03T00:49:04.797Z] {"message":"IMG_1443.PNG","fallbackUrl":"IMG_1443.PNG"}

 No image filename found in message @!#@!#!@#!@#!@#, using IMG_1443.PNG

[2025-06-03T00:49:04.797Z] downloadFile downloadFile downloadFile: https://centrala.ag3nts.org/dane/barbara/IMG_1443.PNG

[2025-06-03T00:49:28.626Z] Sending command to centrala: REPAIR IMG_1443.PNG

[2025-06-03T00:49:28.686Z] Centrala response (command): {"code":0,"message":"Pyk, pyk, pyk, pytk jako tako i fajrant! Daem z siebie cae 30% - prosz: IMG_1443_FT12.PNG"}

[2025-06-03T00:49:28.686Z] processOnceImage result: {"status":"REPAIR","imageUrl":"IMG_1443.PNG","centralaResponse":"Pyk, pyk, pyk, pytk jako tako i fajrant! Daem z siebie cae 30% - prosz: IMG_1443_FT12.PNG"}

[2025-06-03T00:49:28.686Z] 

[2025-06-03T00:49:28.686Z] Processing attempt 2 for image: IMG_1443.PNG

[2025-06-03T00:49:28.687Z] message message to: {"status":"REPAIR","imageUrl":"IMG_1443.PNG","centralaResponse":"Pyk, pyk, pyk, pytk jako tako i fajrant! Daem z siebie cae 30% - prosz: IMG_1443_FT12.PNG"}

[2025-06-03T00:49:28.687Z] downloadFile downloadFile downloadFile: https://centrala.ag3nts.org/dane/barbara/IMG_1443_FT12.PNG

[2025-06-03T00:49:43.711Z] Sending command to centrala: OK IMG_1443_FT12.PNG

[2025-06-03T00:49:43.828Z] Centrala response (command): {"code":-345,"message":"Suchaj... musisz mi dostarczyrysopis Barbary, albo poprosimnie o wykonanie operacji na zdjciach. Inaczej nie dam rady pom贸c."}

[2025-06-03T00:49:43.829Z] processOnceImage result: {"status":"OK","imageUrl":"IMG_1443_FT12.PNG","centralaResponse":"Suchaj... musisz mi dostarczyrysopis Barbary, albo poprosimnie o wykonanie operacji na zdjciach. Inaczej nie dam rady pom贸c."}

[2025-06-03T00:49:43.829Z] Successfully processed image: IMG_1443_FT12.PNG

[2025-06-03T00:49:43.829Z] Processing attempt 1 for image: IMG_1444.PNG

[2025-06-03T00:49:43.829Z] message message to: {"status":"","imageUrl":"IMG_1444.PNG","centralaResponse":"IMG_1444.PNG"}

[2025-06-03T00:49:43.829Z] {"message":"IMG_1444.PNG","fallbackUrl":"IMG_1444.PNG"}

 No image filename found in message @!#@!#!@#!@#!@#, using IMG_1444.PNG

[2025-06-03T00:49:43.829Z] downloadFile downloadFile downloadFile: https://centrala.ag3nts.org/dane/barbara/IMG_1444.PNG

[2025-06-03T00:49:47.622Z] Sending command to centrala: OK IMG_1444.PNG

[2025-06-03T00:49:47.690Z] Centrala response (command): {"code":-345,"message":"Suchaj... musisz mi dostarczyrysopis Barbary, albo poprosimnie o wykonanie operacji na zdjciach. Inaczej nie dam rady pom贸c."}

[2025-06-03T00:49:47.690Z] processOnceImage result: {"status":"OK","imageUrl":"IMG_1444.PNG","centralaResponse":"Suchaj... musisz mi dostarczyrysopis Barbary, albo poprosimnie o wykonanie operacji na zdjciach. Inaczej nie dam rady pom贸c."}

[2025-06-03T00:49:47.690Z] Successfully processed image: IMG_1444.PNG

[2025-06-03T00:49:47.690Z] Successfully processed images: ["{\"status\":\"OK\",\"imageUrl\":\"IMG_559_NRR7.PNG\",\"centralaResponse\":\"Suchaj... musisz mi dostarczyrysopis Barbary, albo poprosimnie o wykonanie operacji na zdjciach. Inaczej nie dam rady pom贸c.\"}","{\"status\":\"OK\",\"imageUrl\":\"IMG_1410_FXER.PNG\",\"centralaResponse\":\"Suchaj... musisz mi dostarczyrysopis Barbary, albo poprosimnie o wykonanie operacji na zdjciach. Inaczej nie dam rady pom贸c.\"}","{\"status\":\"OK\",\"imageUrl\":\"IMG_1443_FT12.PNG\",\"centralaResponse\":\"Suchaj... musisz mi dostarczyrysopis Barbary, albo poprosimnie o wykonanie operacji na zdjciach. Inaczej nie dam rady pom贸c.\"}","{\"status\":\"OK\",\"imageUrl\":\"IMG_1444.PNG\",\"centralaResponse\":\"Suchaj... musisz mi dostarczyrysopis Barbary, albo poprosimnie o wykonanie operacji na zdjciach. Inaczej nie dam rady pom贸c.\"}"]

[2025-06-03T00:49:47.691Z] Extracted image names: ["IMG_559_NRR7.PNG","IMG_1410_FXER.PNG","IMG_1443_FT12.PNG","IMG_1444.PNG"]
