Log file created at 2025-06-03T00:13:35.300Z
--------------------------------------------
[2025-06-03T00:13:35.300Z] Centrala response (loaded): "Słuchaj! mam dla Ciebie fotki o które prosiłeś. https://centrala.ag3nts.org/dane/barbara/IMG_559.PNG https://centrala.ag3nts.org/dane/barbara/IMG_1410.PNG https://centrala.ag3nts.org/dane/barbara/IMG_1443.PNG https://centrala.ag3nts.org/dane/barbara/IMG_1444.PNG. Pamiętaj, że zawsze mogę poprawić je dla Ciebie (polecenia: REPAIR/DARKEN/BRIGHTEN)."

[2025-06-03T00:13:35.306Z] Processing attempt 1 for image: IMG_559-small.PNG

[2025-06-03T00:13:35.306Z] message message to: IMG_559-small.PNG

🚨 Error in processOnceImage --- Failed to download file: Not Found

🚨 Error processing image IMG_559-small.PNG: --- Failed to download file: Not Found

[2025-06-03T00:13:35.461Z] Processing attempt 1 for image: IMG_1410-small.PNG

[2025-06-03T00:13:35.461Z] message message to: IMG_1410-small.PNG

🚨 Error in processOnceImage --- Failed to download file: Not Found

🚨 Error processing image IMG_1410-small.PNG: --- Failed to download file: Not Found

[2025-06-03T00:13:35.483Z] Processing attempt 1 for image: IMG_1443-small.PNG

[2025-06-03T00:13:35.483Z] message message to: IMG_1443-small.PNG

🚨 Error in processOnceImage --- Failed to download file: Not Found

🚨 Error processing image IMG_1443-small.PNG: --- Failed to download file: Not Found

[2025-06-03T00:13:35.501Z] Processing attempt 1 for image: IMG_1444-small.PNG

[2025-06-03T00:13:35.501Z] message message to: IMG_1444-small.PNG

🚨 Error in processOnceImage --- Failed to download file: Not Found

🚨 Error processing image IMG_1444-small.PNG: --- Failed to download file: Not Found

[2025-06-03T00:13:35.531Z] Successfully processed images: []
