Log file created at 2025-06-03T00:22:20.675Z
--------------------------------------------
[2025-06-03T00:22:20.675Z] Centrala response (loaded): "Siemano! Powiedzieli Ci, 偶e mam fotki. No mam! Oto one: https://centrala.ag3nts.org/dane/barbara/IMG_559.PNG https://centrala.ag3nts.org/dane/barbara/IMG_1410.PNG https://centrala.ag3nts.org/dane/barbara/IMG_1443.PNG https://centrala.ag3nts.org/dane/barbara/IMG_1444.PNG. Pamitaj, 偶e zawsze mogpoprawije dla Ciebie (polecenia: REPAIR/DARKEN/BRIGHTEN)."

[2025-06-03T00:22:20.678Z] Processing attempt 1 for image: IMG_559-small.PNG

[2025-06-03T00:22:20.678Z] message message to: {"status":"","imageUrl":"IMG_559-small.PNG","centralaResponse":"IMG_559-small.PNG"}

[2025-06-03T00:22:20.678Z] downloadFile downloadFile downloadFile: https://centrala.ag3nts.org/dane/barbara/IMG_559-small.PNG

[2025-06-03T00:22:24.148Z] Sending command to centrala: REPAIR IMG_559-small.PNG

[2025-06-03T00:22:24.341Z] Centrala response (command): {"code":0,"message":"Si robi! Czekaj... czekaj... o! Usunem uszkodzenia. Prosz: IMG_559_FGR4.PNG"}

[2025-06-03T00:22:24.341Z] processOnceImage result: {"status":"REPAIR","imageUrl":"IMG_559-small.PNG","centralaResponse":"Si robi! Czekaj... czekaj... o! Usunem uszkodzenia. Prosz: IMG_559_FGR4.PNG"}

[2025-06-03T00:22:24.341Z] 

[2025-06-03T00:22:24.341Z] Processing attempt 2 for image: IMG_559-small.PNG

[2025-06-03T00:22:24.341Z] message message to: {"status":"REPAIR","imageUrl":"IMG_559-small.PNG","centralaResponse":"Si robi! Czekaj... czekaj... o! Usunem uszkodzenia. Prosz: IMG_559_FGR4.PNG"}

[2025-06-03T00:22:24.341Z] downloadFile downloadFile downloadFile: https://centrala.ag3nts.org/dane/barbara/IMG_559_FGR4.PNG

[2025-06-03T00:22:27.580Z] Sending command to centrala: REPAIR IMG_559_FGR4.PNG

[2025-06-03T00:22:27.641Z] Centrala response (command): {"code":0,"message":"Co tu si... no nie... to nie wyglda dobrze. Spr贸buj czego innego."}

[2025-06-03T00:22:27.641Z] processOnceImage result: {"status":"REPAIR","imageUrl":"IMG_559_FGR4.PNG","centralaResponse":"Co tu si... no nie... to nie wyglda dobrze. Spr贸buj czego innego."}

[2025-06-03T00:22:27.641Z] 

[2025-06-03T00:22:27.641Z] Processing attempt 3 for image: IMG_559_FGR4.PNG

[2025-06-03T00:22:27.641Z] message message to: {"status":"REPAIR","imageUrl":"IMG_559_FGR4.PNG","centralaResponse":"Co tu si... no nie... to nie wyglda dobrze. Spr贸buj czego innego."}

[2025-06-03T00:22:27.641Z] {"message":"Co tu si... no nie... to nie wyglda dobrze. Spr贸buj czego innego.","fallbackUrl":"IMG_559_FGR4.PNG"}

 No image filename found in message @!#@!#!@#!@#!@#, using IMG_559_FGR4.PNG

[2025-06-03T00:22:27.642Z] downloadFile downloadFile downloadFile: https://centrala.ag3nts.org/dane/barbara/IMG_559_FGR4.PNG

[2025-06-03T00:22:31.120Z] Sending command to centrala: DARKEN IMG_559_FGR4.PNG

[2025-06-03T00:22:31.174Z] Centrala response (command): {"code":0,"message":"Noooo! Teraz to wyglda naprawd dobrze. Mamy j! IMG_559_NRR7.PNG"}

[2025-06-03T00:22:31.174Z] processOnceImage result: {"status":"DARKEN","imageUrl":"IMG_559_FGR4.PNG","centralaResponse":"Noooo! Teraz to wyglda naprawd dobrze. Mamy j! IMG_559_NRR7.PNG"}

[2025-06-03T00:22:31.174Z] 

[2025-06-03T00:22:31.174Z] Processing attempt 4 for image: IMG_559_FGR4.PNG

[2025-06-03T00:22:31.174Z] message message to: {"status":"DARKEN","imageUrl":"IMG_559_FGR4.PNG","centralaResponse":"Noooo! Teraz to wyglda naprawd dobrze. Mamy j! IMG_559_NRR7.PNG"}

[2025-06-03T00:22:31.174Z] downloadFile downloadFile downloadFile: https://centrala.ag3nts.org/dane/barbara/IMG_559_NRR7.PNG

[2025-06-03T00:22:37.716Z] Sending command to centrala: OK IMG_559_NRR7.PNG

[2025-06-03T00:22:37.777Z] Centrala response (command): {"code":-345,"message":"Suchaj... musisz mi dostarczyrysopis Barbary, albo poprosimnie o wykonanie operacji na zdjciach. Inaczej nie dam rady pom贸c."}

[2025-06-03T00:22:37.777Z] processOnceImage result: {"status":"OK","imageUrl":"IMG_559_NRR7.PNG","centralaResponse":"Suchaj... musisz mi dostarczyrysopis Barbary, albo poprosimnie o wykonanie operacji na zdjciach. Inaczej nie dam rady pom贸c."}

[2025-06-03T00:22:37.777Z] Successfully processed image: IMG_559_NRR7.PNG

[2025-06-03T00:22:37.777Z] Processing attempt 1 for image: IMG_1410-small.PNG

[2025-06-03T00:22:37.777Z] message message to: {"status":"","imageUrl":"IMG_1410-small.PNG","centralaResponse":"IMG_1410-small.PNG"}

[2025-06-03T00:22:37.777Z] downloadFile downloadFile downloadFile: https://centrala.ag3nts.org/dane/barbara/IMG_1410-small.PNG

[2025-06-03T00:22:39.458Z] Sending command to centrala: REPAIR IMG_1410-small.PNG

[2025-06-03T00:22:39.516Z] Centrala response (command): {"code":0,"message":"Jest 藕le. Bardzo 藕le. Ta operacja nic nam nie daa. Nie wydoby nowych szczeg贸贸w, a mo偶e nawet popsua zdjcie"}

[2025-06-03T00:22:39.516Z] processOnceImage result: {"status":"REPAIR","imageUrl":"IMG_1410-small.PNG","centralaResponse":"Jest 藕le. Bardzo 藕le. Ta operacja nic nam nie daa. Nie wydoby nowych szczeg贸贸w, a mo偶e nawet popsua zdjcie"}

[2025-06-03T00:22:39.516Z] 

[2025-06-03T00:22:39.516Z] Processing attempt 2 for image: IMG_1410-small.PNG

[2025-06-03T00:22:39.516Z] message message to: {"status":"REPAIR","imageUrl":"IMG_1410-small.PNG","centralaResponse":"Jest 藕le. Bardzo 藕le. Ta operacja nic nam nie daa. Nie wydoby nowych szczeg贸贸w, a mo偶e nawet popsua zdjcie"}

[2025-06-03T00:22:39.516Z] {"message":"Jest 藕le. Bardzo 藕le. Ta operacja nic nam nie daa. Nie wydoby nowych szczeg贸贸w, a mo偶e nawet popsua zdjcie","fallbackUrl":"IMG_1410-small.PNG"}

[2025-06-03T00:22:39.516Z] downloadFile downloadFile downloadFile: https://centrala.ag3nts.org/dane/barbara/IMG_1410-small.PNG

 No image filename found in message @!#@!#!@#!@#!@#, using IMG_1410-small.PNG

[2025-06-03T00:22:41.015Z] Sending command to centrala: REPAIR IMG_1410-small.PNG

[2025-06-03T00:22:41.068Z] Centrala response (command): {"code":0,"message":"Co tu si... no nie... to nie wyglda dobrze. Spr贸buj czego innego."}

[2025-06-03T00:22:41.068Z] processOnceImage result: {"status":"REPAIR","imageUrl":"IMG_1410-small.PNG","centralaResponse":"Co tu si... no nie... to nie wyglda dobrze. Spr贸buj czego innego."}

[2025-06-03T00:22:41.068Z] 

[2025-06-03T00:22:41.068Z] Processing attempt 3 for image: IMG_1410-small.PNG

[2025-06-03T00:22:41.068Z] message message to: {"status":"REPAIR","imageUrl":"IMG_1410-small.PNG","centralaResponse":"Co tu si... no nie... to nie wyglda dobrze. Spr贸buj czego innego."}

[2025-06-03T00:22:41.069Z] {"message":"Co tu si... no nie... to nie wyglda dobrze. Spr贸buj czego innego.","fallbackUrl":"IMG_1410-small.PNG"}

 No image filename found in message @!#@!#!@#!@#!@#, using IMG_1410-small.PNG

[2025-06-03T00:22:41.069Z] downloadFile downloadFile downloadFile: https://centrala.ag3nts.org/dane/barbara/IMG_1410-small.PNG

[2025-06-03T00:22:42.605Z] Sending command to centrala: REPAIR IMG_1410-small.PNG

[2025-06-03T00:22:42.676Z] Centrala response (command): {"code":0,"message":"Jest 藕le. Bardzo 藕le. Ta operacja nic nam nie daa. Nie wydoby nowych szczeg贸贸w, a mo偶e nawet popsua zdjcie"}

[2025-06-03T00:22:42.677Z] processOnceImage result: {"status":"REPAIR","imageUrl":"IMG_1410-small.PNG","centralaResponse":"Jest 藕le. Bardzo 藕le. Ta operacja nic nam nie daa. Nie wydoby nowych szczeg贸贸w, a mo偶e nawet popsua zdjcie"}

[2025-06-03T00:22:42.677Z] 

[2025-06-03T00:22:42.677Z] Processing attempt 4 for image: IMG_1410-small.PNG

[2025-06-03T00:22:42.677Z] message message to: {"status":"REPAIR","imageUrl":"IMG_1410-small.PNG","centralaResponse":"Jest 藕le. Bardzo 藕le. Ta operacja nic nam nie daa. Nie wydoby nowych szczeg贸贸w, a mo偶e nawet popsua zdjcie"}

[2025-06-03T00:22:42.677Z] {"message":"Jest 藕le. Bardzo 藕le. Ta operacja nic nam nie daa. Nie wydoby nowych szczeg贸贸w, a mo偶e nawet popsua zdjcie","fallbackUrl":"IMG_1410-small.PNG"}

 No image filename found in message @!#@!#!@#!@#!@#, using IMG_1410-small.PNG

[2025-06-03T00:22:42.677Z] downloadFile downloadFile downloadFile: https://centrala.ag3nts.org/dane/barbara/IMG_1410-small.PNG

[2025-06-03T00:22:43.985Z] Sending command to centrala: REPAIR IMG_1410-small.PNG

[2025-06-03T00:22:44.044Z] Centrala response (command): {"code":0,"message":"Ejjj... no we藕... to wyglda jeszcze gorzej ni偶 przed operacj. We藕 spr贸buj czego innego."}

[2025-06-03T00:22:44.044Z] processOnceImage result: {"status":"REPAIR","imageUrl":"IMG_1410-small.PNG","centralaResponse":"Ejjj... no we藕... to wyglda jeszcze gorzej ni偶 przed operacj. We藕 spr贸buj czego innego."}

[2025-06-03T00:22:44.044Z] 

[2025-06-03T00:22:44.044Z] Processing attempt 5 for image: IMG_1410-small.PNG

[2025-06-03T00:22:44.044Z] message message to: {"status":"REPAIR","imageUrl":"IMG_1410-small.PNG","centralaResponse":"Ejjj... no we藕... to wyglda jeszcze gorzej ni偶 przed operacj. We藕 spr贸buj czego innego."}

[2025-06-03T00:22:44.044Z] {"message":"Ejjj... no we藕... to wyglda jeszcze gorzej ni偶 przed operacj. We藕 spr贸buj czego innego.","fallbackUrl":"IMG_1410-small.PNG"}

 No image filename found in message @!#@!#!@#!@#!@#, using IMG_1410-small.PNG

[2025-06-03T00:22:44.044Z] downloadFile downloadFile downloadFile: https://centrala.ag3nts.org/dane/barbara/IMG_1410-small.PNG

[2025-06-03T00:22:45.640Z] Sending command to centrala: REPAIR IMG_1410-small.PNG

[2025-06-03T00:22:45.688Z] Centrala response (command): {"code":0,"message":"Co tu si... no nie... to nie wyglda dobrze. Spr贸buj czego innego."}

[2025-06-03T00:22:45.688Z] processOnceImage result: {"status":"REPAIR","imageUrl":"IMG_1410-small.PNG","centralaResponse":"Co tu si... no nie... to nie wyglda dobrze. Spr贸buj czego innego."}

[2025-06-03T00:22:45.688Z] 

[2025-06-03T00:22:45.688Z] Processing attempt 6 for image: IMG_1410-small.PNG

[2025-06-03T00:22:45.689Z] message message to: {"status":"REPAIR","imageUrl":"IMG_1410-small.PNG","centralaResponse":"Co tu si... no nie... to nie wyglda dobrze. Spr贸buj czego innego."}

[2025-06-03T00:22:45.689Z] {"message":"Co tu si... no nie... to nie wyglda dobrze. Spr贸buj czego innego.","fallbackUrl":"IMG_1410-small.PNG"}

[2025-06-03T00:22:45.689Z] downloadFile downloadFile downloadFile: https://centrala.ag3nts.org/dane/barbara/IMG_1410-small.PNG

 No image filename found in message @!#@!#!@#!@#!@#, using IMG_1410-small.PNG

[2025-06-03T00:22:49.154Z] Sending command to centrala: REPAIR IMG_1410-small.PNG

[2025-06-03T00:22:49.277Z] Centrala response (command): {"code":0,"message":"Ejjj... no we藕... to wyglda jeszcze gorzej ni偶 przed operacj. We藕 spr贸buj czego innego."}

[2025-06-03T00:22:49.277Z] processOnceImage result: {"status":"REPAIR","imageUrl":"IMG_1410-small.PNG","centralaResponse":"Ejjj... no we藕... to wyglda jeszcze gorzej ni偶 przed operacj. We藕 spr贸buj czego innego."}

[2025-06-03T00:22:49.277Z] 

[2025-06-03T00:22:49.277Z] Processing attempt 7 for image: IMG_1410-small.PNG

[2025-06-03T00:22:49.277Z] message message to: {"status":"REPAIR","imageUrl":"IMG_1410-small.PNG","centralaResponse":"Ejjj... no we藕... to wyglda jeszcze gorzej ni偶 przed operacj. We藕 spr贸buj czego innego."}

[2025-06-03T00:22:49.277Z] {"message":"Ejjj... no we藕... to wyglda jeszcze gorzej ni偶 przed operacj. We藕 spr贸buj czego innego.","fallbackUrl":"IMG_1410-small.PNG"}

 No image filename found in message @!#@!#!@#!@#!@#, using IMG_1410-small.PNG

[2025-06-03T00:22:49.277Z] downloadFile downloadFile downloadFile: https://centrala.ag3nts.org/dane/barbara/IMG_1410-small.PNG

[2025-06-03T00:22:56.784Z] Sending command to centrala: REPAIR IMG_1410-small.PNG

[2025-06-03T00:22:56.854Z] Centrala response (command): {"code":0,"message":"No ja nie wiem... tak patrz na to foto i mi si nie wydaje, aby ta operacja miaa sens. Mo偶e spr贸bujesz czego innego?"}

[2025-06-03T00:22:56.854Z] processOnceImage result: {"status":"REPAIR","imageUrl":"IMG_1410-small.PNG","centralaResponse":"No ja nie wiem... tak patrz na to foto i mi si nie wydaje, aby ta operacja miaa sens. Mo偶e spr贸bujesz czego innego?"}

[2025-06-03T00:22:56.854Z] 

[2025-06-03T00:22:56.854Z] Processing attempt 8 for image: IMG_1410-small.PNG

[2025-06-03T00:22:56.854Z] message message to: {"status":"REPAIR","imageUrl":"IMG_1410-small.PNG","centralaResponse":"No ja nie wiem... tak patrz na to foto i mi si nie wydaje, aby ta operacja miaa sens. Mo偶e spr贸bujesz czego innego?"}

[2025-06-03T00:22:56.854Z] {"message":"No ja nie wiem... tak patrz na to foto i mi si nie wydaje, aby ta operacja miaa sens. Mo偶e spr贸bujesz czego innego?","fallbackUrl":"IMG_1410-small.PNG"}

 No image filename found in message @!#@!#!@#!@#!@#, using IMG_1410-small.PNG

[2025-06-03T00:22:56.854Z] downloadFile downloadFile downloadFile: https://centrala.ag3nts.org/dane/barbara/IMG_1410-small.PNG

[2025-06-03T00:24:14.417Z] Sending command to centrala: REPAIR IMG_1410-small.PNG

[2025-06-03T00:24:14.486Z] Centrala response (command): {"code":0,"message":"Ejjj... no we藕... to wyglda jeszcze gorzej ni偶 przed operacj. We藕 spr贸buj czego innego."}

[2025-06-03T00:24:14.486Z] processOnceImage result: {"status":"REPAIR","imageUrl":"IMG_1410-small.PNG","centralaResponse":"Ejjj... no we藕... to wyglda jeszcze gorzej ni偶 przed operacj. We藕 spr贸buj czego innego."}

[2025-06-03T00:24:14.486Z] 

[2025-06-03T00:24:14.486Z] Processing attempt 9 for image: IMG_1410-small.PNG

[2025-06-03T00:24:14.486Z] message message to: {"status":"REPAIR","imageUrl":"IMG_1410-small.PNG","centralaResponse":"Ejjj... no we藕... to wyglda jeszcze gorzej ni偶 przed operacj. We藕 spr贸buj czego innego."}

[2025-06-03T00:24:14.486Z] {"message":"Ejjj... no we藕... to wyglda jeszcze gorzej ni偶 przed operacj. We藕 spr贸buj czego innego.","fallbackUrl":"IMG_1410-small.PNG"}

 No image filename found in message @!#@!#!@#!@#!@#, using IMG_1410-small.PNG

[2025-06-03T00:24:14.486Z] downloadFile downloadFile downloadFile: https://centrala.ag3nts.org/dane/barbara/IMG_1410-small.PNG

[2025-06-03T00:24:16.977Z] Sending command to centrala: REPAIR IMG_1410-small.PNG

[2025-06-03T00:24:17.038Z] Centrala response (command): {"code":0,"message":"Ejjj... no we藕... to wyglda jeszcze gorzej ni偶 przed operacj. We藕 spr贸buj czego innego."}

[2025-06-03T00:24:17.038Z] processOnceImage result: {"status":"REPAIR","imageUrl":"IMG_1410-small.PNG","centralaResponse":"Ejjj... no we藕... to wyglda jeszcze gorzej ni偶 przed operacj. We藕 spr贸buj czego innego."}

[2025-06-03T00:24:17.038Z] 

[2025-06-03T00:24:17.038Z] Processing attempt 10 for image: IMG_1410-small.PNG

[2025-06-03T00:24:17.038Z] message message to: {"status":"REPAIR","imageUrl":"IMG_1410-small.PNG","centralaResponse":"Ejjj... no we藕... to wyglda jeszcze gorzej ni偶 przed operacj. We藕 spr贸buj czego innego."}

[2025-06-03T00:24:17.038Z] {"message":"Ejjj... no we藕... to wyglda jeszcze gorzej ni偶 przed operacj. We藕 spr贸buj czego innego.","fallbackUrl":"IMG_1410-small.PNG"}

[2025-06-03T00:24:17.038Z] downloadFile downloadFile downloadFile: https://centrala.ag3nts.org/dane/barbara/IMG_1410-small.PNG

 No image filename found in message @!#@!#!@#!@#!@#, using IMG_1410-small.PNG

[2025-06-03T00:24:18.511Z] Sending command to centrala: REPAIR IMG_1410-small.PNG

[2025-06-03T00:24:18.556Z] Centrala response (command): {"code":0,"message":"Co tu si... no nie... to nie wyglda dobrze. Spr贸buj czego innego."}

[2025-06-03T00:24:18.556Z] processOnceImage result: {"status":"REPAIR","imageUrl":"IMG_1410-small.PNG","centralaResponse":"Co tu si... no nie... to nie wyglda dobrze. Spr贸buj czego innego."}

[2025-06-03T00:24:18.556Z] 

[2025-06-03T00:24:18.556Z] Processing attempt 1 for image: IMG_1443-small.PNG

[2025-06-03T00:24:18.556Z] message message to: {"status":"","imageUrl":"IMG_1443-small.PNG","centralaResponse":"IMG_1443-small.PNG"}

[2025-06-03T00:24:18.556Z] downloadFile downloadFile downloadFile: https://centrala.ag3nts.org/dane/barbara/IMG_1443-small.PNG

[2025-06-03T00:24:21.945Z] Sending command to centrala: OK IMG_1443-small.PNG

[2025-06-03T00:24:22.057Z] Centrala response (command): {"code":-345,"message":"Suchaj... musisz mi dostarczyrysopis Barbary, albo poprosimnie o wykonanie operacji na zdjciach. Inaczej nie dam rady pom贸c."}

[2025-06-03T00:24:22.057Z] processOnceImage result: {"status":"OK","imageUrl":"IMG_1443-small.PNG","centralaResponse":"Suchaj... musisz mi dostarczyrysopis Barbary, albo poprosimnie o wykonanie operacji na zdjciach. Inaczej nie dam rady pom贸c."}

[2025-06-03T00:24:22.057Z] Successfully processed image: IMG_1443-small.PNG

[2025-06-03T00:24:22.057Z] Processing attempt 1 for image: IMG_1444-small.PNG

[2025-06-03T00:24:22.057Z] message message to: {"status":"","imageUrl":"IMG_1444-small.PNG","centralaResponse":"IMG_1444-small.PNG"}

[2025-06-03T00:24:22.057Z] downloadFile downloadFile downloadFile: https://centrala.ag3nts.org/dane/barbara/IMG_1444-small.PNG

[2025-06-03T00:24:26.217Z] Sending command to centrala: OK IMG_1444-small.PNG

[2025-06-03T00:24:26.329Z] Centrala response (command): {"code":-345,"message":"Suchaj... musisz mi dostarczyrysopis Barbary, albo poprosimnie o wykonanie operacji na zdjciach. Inaczej nie dam rady pom贸c."}

[2025-06-03T00:24:26.330Z] processOnceImage result: {"status":"OK","imageUrl":"IMG_1444-small.PNG","centralaResponse":"Suchaj... musisz mi dostarczyrysopis Barbary, albo poprosimnie o wykonanie operacji na zdjciach. Inaczej nie dam rady pom贸c."}

[2025-06-03T00:24:26.330Z] Successfully processed image: IMG_1444-small.PNG

[2025-06-03T00:24:26.330Z] Successfully processed images: ["Suchaj... musisz mi dostarczyrysopis Barbary, albo poprosimnie o wykonanie operacji na zdjciach. Inaczej nie dam rady pom贸c.","Suchaj... musisz mi dostarczyrysopis Barbary, albo poprosimnie o wykonanie operacji na zdjciach. Inaczej nie dam rady pom贸c.","Suchaj... musisz mi dostarczyrysopis Barbary, albo poprosimnie o wykonanie operacji na zdjciach. Inaczej nie dam rady pom贸c."]
