Log file created at 2025-06-03T00:20:17.383Z
--------------------------------------------
[2025-06-03T00:20:17.384Z] Centrala response (loaded): "Siemano! Powiedzieli Ci, że mam fotki. No mam! Oto one: https://centrala.ag3nts.org/dane/barbara/IMG_559.PNG https://centrala.ag3nts.org/dane/barbara/IMG_1410.PNG https://centrala.ag3nts.org/dane/barbara/IMG_1443.PNG https://centrala.ag3nts.org/dane/barbara/IMG_1444.PNG. Pamiętaj, że zawsze mogę poprawić je dla Ciebie (polecenia: REPAIR/DARKEN/BRIGHTEN)."

[2025-06-03T00:20:17.387Z] Processing attempt 1 for image: IMG_559-small.PNG

[2025-06-03T00:20:17.387Z] message message to: {"status":"","imageUrl":"IMG_559-small.PNG","centralaResponse":"IMG_559-small.PNG"}

[2025-06-03T00:20:17.387Z] downloadFile downloadFile downloadFile: https://centrala.ag3nts.org/dane/barbara/small.PNG

🚨 Error in processOnceImage --- Failed to download file: Not Found

🚨 Error processing image IMG_559-small.PNG: --- Failed to download file: Not Found

[2025-06-03T00:20:17.461Z] Processing attempt 1 for image: IMG_1410-small.PNG

[2025-06-03T00:20:17.461Z] message message to: {"status":"","imageUrl":"IMG_1410-small.PNG","centralaResponse":"IMG_1410-small.PNG"}

[2025-06-03T00:20:17.461Z] downloadFile downloadFile downloadFile: https://centrala.ag3nts.org/dane/barbara/small.PNG

🚨 Error in processOnceImage --- Failed to download file: Not Found

🚨 Error processing image IMG_1410-small.PNG: --- Failed to download file: Not Found

[2025-06-03T00:20:17.480Z] Processing attempt 1 for image: IMG_1443-small.PNG

[2025-06-03T00:20:17.480Z] message message to: {"status":"","imageUrl":"IMG_1443-small.PNG","centralaResponse":"IMG_1443-small.PNG"}

[2025-06-03T00:20:17.480Z] downloadFile downloadFile downloadFile: https://centrala.ag3nts.org/dane/barbara/small.PNG

🚨 Error in processOnceImage --- Failed to download file: Not Found

🚨 Error processing image IMG_1443-small.PNG: --- Failed to download file: Not Found

[2025-06-03T00:20:17.499Z] Processing attempt 1 for image: IMG_1444-small.PNG

[2025-06-03T00:20:17.499Z] message message to: {"status":"","imageUrl":"IMG_1444-small.PNG","centralaResponse":"IMG_1444-small.PNG"}

[2025-06-03T00:20:17.499Z] downloadFile downloadFile downloadFile: https://centrala.ag3nts.org/dane/barbara/small.PNG

🚨 Error in processOnceImage --- Failed to download file: Not Found

🚨 Error processing image IMG_1444-small.PNG: --- Failed to download file: Not Found

[2025-06-03T00:20:17.518Z] Successfully processed images: []
