Log file created at 2025-06-11T11:40:13.160Z
--------------------------------------------
[2025-06-11T11:40:13.164Z] PDF file exists

[2025-06-11T11:40:14.849Z] Successfully extracted page 19

[2025-06-11T11:40:14.869Z] Successfully saved page 19 as image to: /home/artek/Desktop/AI_DEVS_3_RELOADED/AI_DEVS_3/data/S04/E05/page19.png

[2025-06-11T11:40:14.870Z] Reading PDF file from: /home/artek/Desktop/AI_DEVS_3_RELOADED/AI_DEVS_3/data/S04/E05/notatnik-rafala.pdf

[2025-06-11T11:40:14.873Z] PDF file read successfully, size: 31135519

[2025-06-11T11:40:14.873Z] Extracting text from PDF...

[2025-06-11T11:40:15.003Z] Text extracted successfully, length: 4586

[2025-06-11T11:40:15.011Z] First 200 characters of extracted text: Nie powinienem był tego robić.
Obsługa skomplikowanego
sprzętu, niekoniecznie będąc
trzeźwym, to nie był dobry
pomysł. I ta pizza w ręce.
Źle się czuję. Nie wiem, jak
bardzo będę tego żałował.
Może po

[2025-06-11T11:40:15.011Z] Writing text to file: /home/artek/Desktop/AI_DEVS_3_RELOADED/AI_DEVS_3/data/S04/E05/extracted_text.txt

[2025-06-11T11:40:15.011Z] Saved extracted text to: /home/artek/Desktop/AI_DEVS_3_RELOADED/AI_DEVS_3/data/S04/E05/extracted_text.txt

[2025-06-11T11:40:15.011Z] Extracted image size: 5087359 bytes

[2025-06-11T11:40:15.011Z] Extracted text length: 4586 characters
